{"/Users/tinkitwong/Desktop/equitize-backend/app.js": {"path":"/Users/tinkitwong/Desktop/equitize-backend/app.js","statementMap":{"0":{"start":{"line":1,"column":16},"end":{"line":1,"column":34}},"1":{"start":{"line":2,"column":24},"end":{"line":2,"column":46}},"2":{"start":{"line":3,"column":15},"end":{"line":3,"column":32}},"3":{"start":{"line":5,"column":13},"end":{"line":5,"column":28}},"4":{"start":{"line":6,"column":12},"end":{"line":6,"column":21}},"5":{"start":{"line":7,"column":0},"end":{"line":9,"column":3}},"6":{"start":{"line":12,"column":18},"end":{"line":14,"column":1}},"7":{"start":{"line":16,"column":0},"end":{"line":16,"column":27}},"8":{"start":{"line":22,"column":0},"end":{"line":22,"column":46}},"9":{"start":{"line":25,"column":18},"end":{"line":31,"column":2}},"10":{"start":{"line":33,"column":0},"end":{"line":33,"column":27}},"11":{"start":{"line":34,"column":0},"end":{"line":34,"column":33}},"12":{"start":{"line":35,"column":0},"end":{"line":35,"column":24}},"13":{"start":{"line":36,"column":0},"end":{"line":36,"column":48}},"14":{"start":{"line":40,"column":11},"end":{"line":40,"column":33}},"15":{"start":{"line":41,"column":0},"end":{"line":45,"column":3}},"16":{"start":{"line":42,"column":2},"end":{"line":42,"column":38}},"17":{"start":{"line":44,"column":2},"end":{"line":44,"column":14}},"18":{"start":{"line":48,"column":0},"end":{"line":48,"column":66}},"19":{"start":{"line":49,"column":0},"end":{"line":49,"column":82}},"20":{"start":{"line":50,"column":0},"end":{"line":50,"column":68}},"21":{"start":{"line":51,"column":0},"end":{"line":51,"column":78}},"22":{"start":{"line":52,"column":0},"end":{"line":52,"column":66}},"23":{"start":{"line":56,"column":0},"end":{"line":58,"column":3}},"24":{"start":{"line":57,"column":2},"end":{"line":57,"column":35}},"25":{"start":{"line":60,"column":0},"end":{"line":64,"column":3}},"26":{"start":{"line":61,"column":2},"end":{"line":61,"column":36}},"27":{"start":{"line":62,"column":2},"end":{"line":62,"column":27}},"28":{"start":{"line":63,"column":2},"end":{"line":63,"column":18}},"29":{"start":{"line":68,"column":17},"end":{"line":68,"column":45}},"30":{"start":{"line":70,"column":0},"end":{"line":82,"column":1}},"31":{"start":{"line":71,"column":2},"end":{"line":71,"column":23}},"32":{"start":{"line":73,"column":5},"end":{"line":82,"column":1}},"33":{"start":{"line":74,"column":2},"end":{"line":76,"column":5}},"34":{"start":{"line":75,"column":4},"end":{"line":75,"column":66}},"35":{"start":{"line":78,"column":5},"end":{"line":82,"column":1}},"36":{"start":{"line":79,"column":2},"end":{"line":81,"column":5}},"37":{"start":{"line":80,"column":4},"end":{"line":80,"column":58}}},"fnMap":{"0":{"name":"(anonymous_0)","decl":{"start":{"line":41,"column":55},"end":{"line":41,"column":56}},"loc":{"start":{"line":41,"column":64},"end":{"line":43,"column":1}},"line":41},"1":{"name":"(anonymous_1)","decl":{"start":{"line":43,"column":10},"end":{"line":43,"column":11}},"loc":{"start":{"line":43,"column":27},"end":{"line":45,"column":1}},"line":43},"2":{"name":"(anonymous_2)","decl":{"start":{"line":56,"column":8},"end":{"line":56,"column":9}},"loc":{"start":{"line":56,"column":35},"end":{"line":58,"column":1}},"line":56},"3":{"name":"(anonymous_3)","decl":{"start":{"line":60,"column":8},"end":{"line":60,"column":9}},"loc":{"start":{"line":60,"column":35},"end":{"line":64,"column":1}},"line":60},"4":{"name":"(anonymous_4)","decl":{"start":{"line":74,"column":43},"end":{"line":74,"column":44}},"loc":{"start":{"line":74,"column":49},"end":{"line":76,"column":3}},"line":74},"5":{"name":"(anonymous_5)","decl":{"start":{"line":79,"column":23},"end":{"line":79,"column":24}},"loc":{"start":{"line":79,"column":29},"end":{"line":81,"column":3}},"line":79}},"branchMap":{"0":{"loc":{"start":{"line":61,"column":17},"end":{"line":61,"column":36}},"type":"binary-expr","locations":[{"start":{"line":61,"column":17},"end":{"line":61,"column":29}},{"start":{"line":61,"column":33},"end":{"line":61,"column":36}}],"line":61},"1":{"loc":{"start":{"line":68,"column":17},"end":{"line":68,"column":45}},"type":"binary-expr","locations":[{"start":{"line":68,"column":17},"end":{"line":68,"column":37}},{"start":{"line":68,"column":41},"end":{"line":68,"column":45}}],"line":68},"2":{"loc":{"start":{"line":70,"column":0},"end":{"line":82,"column":1}},"type":"if","locations":[{"start":{"line":70,"column":0},"end":{"line":82,"column":1}},{"start":{"line":70,"column":0},"end":{"line":82,"column":1}}],"line":70},"3":{"loc":{"start":{"line":73,"column":5},"end":{"line":82,"column":1}},"type":"if","locations":[{"start":{"line":73,"column":5},"end":{"line":82,"column":1}},{"start":{"line":73,"column":5},"end":{"line":82,"column":1}}],"line":73},"4":{"loc":{"start":{"line":78,"column":5},"end":{"line":82,"column":1}},"type":"if","locations":[{"start":{"line":78,"column":5},"end":{"line":82,"column":1}},{"start":{"line":78,"column":5},"end":{"line":82,"column":1}}],"line":78}},"s":{"0":5,"1":5,"2":5,"3":5,"4":5,"5":5,"6":5,"7":5,"8":5,"9":5,"10":5,"11":5,"12":5,"13":5,"14":5,"15":5,"16":5,"17":0,"18":5,"19":5,"20":5,"21":5,"22":5,"23":5,"24":0,"25":5,"26":0,"27":0,"28":0,"29":5,"30":5,"31":5,"32":0,"33":0,"34":0,"35":0,"36":0,"37":0},"f":{"0":5,"1":0,"2":0,"3":0,"4":0,"5":0},"b":{"0":[0,0],"1":[5,0],"2":[5,0],"3":[0,0],"4":[0,0]},"_coverageSchema":"1a1c01bbd47fc00a2c39e90264f33305004495a9","hash":"608c66926b73b8d5c8a265be199f0ac9afb941c4"}
,"/Users/tinkitwong/Desktop/equitize-backend/auth0/controllers/backend.controller.js": {"path":"/Users/tinkitwong/Desktop/equitize-backend/auth0/controllers/backend.controller.js","statementMap":{"0":{"start":{"line":1,"column":27},"end":{"line":1,"column":43}},"1":{"start":{"line":3,"column":0},"end":{"line":30,"column":1}},"2":{"start":{"line":5,"column":8},"end":{"line":28,"column":9}},"3":{"start":{"line":6,"column":12},"end":{"line":6,"column":74}},"4":{"start":{"line":7,"column":25},"end":{"line":12,"column":13}},"5":{"start":{"line":13,"column":28},"end":{"line":15,"column":13}},"6":{"start":{"line":16,"column":12},"end":{"line":25,"column":15}},"7":{"start":{"line":18,"column":41},"end":{"line":18,"column":67}},"8":{"start":{"line":19,"column":16},"end":{"line":19,"column":56}},"9":{"start":{"line":20,"column":16},"end":{"line":20,"column":23}},"10":{"start":{"line":23,"column":16},"end":{"line":23,"column":34}},"11":{"start":{"line":24,"column":16},"end":{"line":24,"column":28}},"12":{"start":{"line":27,"column":12},"end":{"line":27,"column":24}}},"fnMap":{"0":{"name":"(anonymous_0)","decl":{"start":{"line":4,"column":17},"end":{"line":4,"column":18}},"loc":{"start":{"line":4,"column":43},"end":{"line":29,"column":5}},"line":4},"1":{"name":"(anonymous_1)","decl":{"start":{"line":17,"column":18},"end":{"line":17,"column":19}},"loc":{"start":{"line":17,"column":38},"end":{"line":21,"column":13}},"line":17},"2":{"name":"(anonymous_2)","decl":{"start":{"line":22,"column":19},"end":{"line":22,"column":20}},"loc":{"start":{"line":22,"column":36},"end":{"line":25,"column":13}},"line":22}},"branchMap":{},"s":{"0":5,"1":5,"2":0,"3":0,"4":0,"5":0,"6":0,"7":0,"8":0,"9":0,"10":0,"11":0,"12":0},"f":{"0":0,"1":0,"2":0},"b":{},"_coverageSchema":"1a1c01bbd47fc00a2c39e90264f33305004495a9","hash":"5dd6125ace36dc65c39db23ec934e67abce7f659"}
,"/Users/tinkitwong/Desktop/equitize-backend/auth0/controllers/registration.controller.js": {"path":"/Users/tinkitwong/Desktop/equitize-backend/auth0/controllers/registration.controller.js","statementMap":{"0":{"start":{"line":1,"column":27},"end":{"line":1,"column":43}},"1":{"start":{"line":2,"column":37},"end":{"line":2,"column":69}},"2":{"start":{"line":4,"column":0},"end":{"line":86,"column":1}},"3":{"start":{"line":7,"column":8},"end":{"line":7,"column":60}},"4":{"start":{"line":9,"column":8},"end":{"line":32,"column":9}},"5":{"start":{"line":10,"column":28},"end":{"line":10,"column":59}},"6":{"start":{"line":11,"column":12},"end":{"line":11,"column":33}},"7":{"start":{"line":13,"column":25},"end":{"line":15,"column":13}},"8":{"start":{"line":17,"column":28},"end":{"line":20,"column":13}},"9":{"start":{"line":21,"column":12},"end":{"line":29,"column":15}},"10":{"start":{"line":23,"column":16},"end":{"line":23,"column":64}},"11":{"start":{"line":24,"column":16},"end":{"line":24,"column":44}},"12":{"start":{"line":25,"column":16},"end":{"line":25,"column":23}},"13":{"start":{"line":28,"column":16},"end":{"line":28,"column":28}},"14":{"start":{"line":31,"column":12},"end":{"line":31,"column":24}},"15":{"start":{"line":35,"column":8},"end":{"line":35,"column":68}},"16":{"start":{"line":37,"column":8},"end":{"line":55,"column":9}},"17":{"start":{"line":38,"column":28},"end":{"line":38,"column":59}},"18":{"start":{"line":39,"column":25},"end":{"line":41,"column":13}},"19":{"start":{"line":42,"column":28},"end":{"line":45,"column":13}},"20":{"start":{"line":46,"column":12},"end":{"line":52,"column":15}},"21":{"start":{"line":48,"column":16},"end":{"line":48,"column":44}},"22":{"start":{"line":51,"column":16},"end":{"line":51,"column":28}},"23":{"start":{"line":54,"column":12},"end":{"line":54,"column":24}},"24":{"start":{"line":58,"column":8},"end":{"line":58,"column":53}},"25":{"start":{"line":61,"column":8},"end":{"line":83,"column":9}},"26":{"start":{"line":62,"column":25},"end":{"line":66,"column":13}},"27":{"start":{"line":67,"column":28},"end":{"line":70,"column":13}},"28":{"start":{"line":71,"column":12},"end":{"line":80,"column":15}},"29":{"start":{"line":73,"column":16},"end":{"line":73,"column":52}},"30":{"start":{"line":74,"column":16},"end":{"line":74,"column":23}},"31":{"start":{"line":77,"column":16},"end":{"line":77,"column":35}},"32":{"start":{"line":79,"column":16},"end":{"line":79,"column":28}},"33":{"start":{"line":82,"column":12},"end":{"line":82,"column":24}}},"fnMap":{"0":{"name":"(anonymous_0)","decl":{"start":{"line":5,"column":13},"end":{"line":5,"column":14}},"loc":{"start":{"line":5,"column":33},"end":{"line":33,"column":5}},"line":5},"1":{"name":"(anonymous_1)","decl":{"start":{"line":22,"column":18},"end":{"line":22,"column":19}},"loc":{"start":{"line":22,"column":38},"end":{"line":26,"column":13}},"line":22},"2":{"name":"(anonymous_2)","decl":{"start":{"line":27,"column":19},"end":{"line":27,"column":20}},"loc":{"start":{"line":27,"column":36},"end":{"line":29,"column":13}},"line":27},"3":{"name":"(anonymous_3)","decl":{"start":{"line":34,"column":21},"end":{"line":34,"column":22}},"loc":{"start":{"line":34,"column":41},"end":{"line":56,"column":5}},"line":34},"4":{"name":"(anonymous_4)","decl":{"start":{"line":47,"column":18},"end":{"line":47,"column":19}},"loc":{"start":{"line":47,"column":38},"end":{"line":49,"column":13}},"line":47},"5":{"name":"(anonymous_5)","decl":{"start":{"line":50,"column":19},"end":{"line":50,"column":20}},"loc":{"start":{"line":50,"column":36},"end":{"line":52,"column":13}},"line":50},"6":{"name":"(anonymous_6)","decl":{"start":{"line":57,"column":19},"end":{"line":57,"column":20}},"loc":{"start":{"line":57,"column":45},"end":{"line":84,"column":5}},"line":57},"7":{"name":"(anonymous_7)","decl":{"start":{"line":72,"column":18},"end":{"line":72,"column":19}},"loc":{"start":{"line":72,"column":38},"end":{"line":75,"column":13}},"line":72},"8":{"name":"(anonymous_8)","decl":{"start":{"line":76,"column":19},"end":{"line":76,"column":20}},"loc":{"start":{"line":76,"column":36},"end":{"line":80,"column":13}},"line":76}},"branchMap":{},"s":{"0":5,"1":5,"2":5,"3":0,"4":0,"5":0,"6":0,"7":0,"8":0,"9":0,"10":0,"11":0,"12":0,"13":0,"14":0,"15":0,"16":0,"17":0,"18":0,"19":0,"20":0,"21":0,"22":0,"23":0,"24":0,"25":0,"26":0,"27":0,"28":0,"29":0,"30":0,"31":0,"32":0,"33":0},"f":{"0":0,"1":0,"2":0,"3":0,"4":0,"5":0,"6":0,"7":0,"8":0},"b":{},"_coverageSchema":"1a1c01bbd47fc00a2c39e90264f33305004495a9","hash":"870d0b72a6eded162296c7c4977911080584f871"}
,"/Users/tinkitwong/Desktop/equitize-backend/auth0/utils/auth0_config.js": {"path":"/Users/tinkitwong/Desktop/equitize-backend/auth0/utils/auth0_config.js","statementMap":{"0":{"start":{"line":1,"column":0},"end":{"line":9,"column":1}}},"fnMap":{},"branchMap":{},"s":{"0":5},"f":{},"b":{},"_coverageSchema":"1a1c01bbd47fc00a2c39e90264f33305004495a9","hash":"05c94ef242ba800859333f783c6f4e77e65cf4b1"}
,"/Users/tinkitwong/Desktop/equitize-backend/cloudStorage/index.js": {"path":"/Users/tinkitwong/Desktop/equitize-backend/cloudStorage/index.js","statementMap":{"0":{"start":{"line":1,"column":14},"end":{"line":1,"column":46}},"1":{"start":{"line":2,"column":13},"end":{"line":2,"column":28}},"2":{"start":{"line":3,"column":19},"end":{"line":3,"column":54}},"3":{"start":{"line":5,"column":20},"end":{"line":5,"column":25}},"4":{"start":{"line":6,"column":11},"end":{"line":9,"column":2}},"5":{"start":{"line":11,"column":0},"end":{"line":11,"column":19}}},"fnMap":{},"branchMap":{},"s":{"0":5,"1":5,"2":5,"3":5,"4":5,"5":5},"f":{},"b":{},"_coverageSchema":"1a1c01bbd47fc00a2c39e90264f33305004495a9","hash":"6cb1a0c5077293d35384f645dc4f8f8f343ef31c"}
,"/Users/tinkitwong/Desktop/equitize-backend/cloudStorage/controllers/cloudStorage.controller.js": {"path":"/Users/tinkitwong/Desktop/equitize-backend/cloudStorage/controllers/cloudStorage.controller.js","statementMap":{"0":{"start":{"line":1,"column":28},"end":{"line":1,"column":71}},"1":{"start":{"line":5,"column":0},"end":{"line":12,"column":2}},"2":{"start":{"line":6,"column":18},"end":{"line":6,"column":26}},"3":{"start":{"line":7,"column":17},"end":{"line":7,"column":61}},"4":{"start":{"line":8,"column":4},"end":{"line":10,"column":5}},"5":{"start":{"line":11,"column":4},"end":{"line":11,"column":11}},"6":{"start":{"line":16,"column":0},"end":{"line":24,"column":2}},"7":{"start":{"line":17,"column":22},"end":{"line":17,"column":30}},"8":{"start":{"line":18,"column":17},"end":{"line":18,"column":69}},"9":{"start":{"line":20,"column":4},"end":{"line":22,"column":5}},"10":{"start":{"line":23,"column":4},"end":{"line":23,"column":11}},"11":{"start":{"line":26,"column":0},"end":{"line":34,"column":2}},"12":{"start":{"line":27,"column":21},"end":{"line":27,"column":29}},"13":{"start":{"line":28,"column":17},"end":{"line":28,"column":67}},"14":{"start":{"line":30,"column":4},"end":{"line":32,"column":5}},"15":{"start":{"line":33,"column":4},"end":{"line":33,"column":11}},"16":{"start":{"line":36,"column":0},"end":{"line":44,"column":2}},"17":{"start":{"line":37,"column":24},"end":{"line":37,"column":32}},"18":{"start":{"line":38,"column":15},"end":{"line":38,"column":75}},"19":{"start":{"line":40,"column":2},"end":{"line":42,"column":3}},"20":{"start":{"line":43,"column":2},"end":{"line":43,"column":9}},"21":{"start":{"line":46,"column":0},"end":{"line":54,"column":2}},"22":{"start":{"line":47,"column":19},"end":{"line":47,"column":27}},"23":{"start":{"line":48,"column":15},"end":{"line":48,"column":65}},"24":{"start":{"line":50,"column":2},"end":{"line":52,"column":3}},"25":{"start":{"line":53,"column":2},"end":{"line":53,"column":9}},"26":{"start":{"line":56,"column":0},"end":{"line":64,"column":2}},"27":{"start":{"line":57,"column":18},"end":{"line":57,"column":26}},"28":{"start":{"line":58,"column":15},"end":{"line":58,"column":63}},"29":{"start":{"line":60,"column":2},"end":{"line":62,"column":3}},"30":{"start":{"line":63,"column":2},"end":{"line":63,"column":9}},"31":{"start":{"line":66,"column":0},"end":{"line":74,"column":2}},"32":{"start":{"line":67,"column":23},"end":{"line":67,"column":31}},"33":{"start":{"line":68,"column":15},"end":{"line":68,"column":73}},"34":{"start":{"line":70,"column":2},"end":{"line":72,"column":3}},"35":{"start":{"line":73,"column":2},"end":{"line":73,"column":9}},"36":{"start":{"line":77,"column":0},"end":{"line":85,"column":1}},"37":{"start":{"line":78,"column":4},"end":{"line":84,"column":5}},"38":{"start":{"line":79,"column":27},"end":{"line":79,"column":55}},"39":{"start":{"line":80,"column":26},"end":{"line":80,"column":76}},"40":{"start":{"line":81,"column":8},"end":{"line":81,"column":27}},"41":{"start":{"line":83,"column":8},"end":{"line":83,"column":19}}},"fnMap":{"0":{"name":"(anonymous_0)","decl":{"start":{"line":5,"column":22},"end":{"line":5,"column":23}},"loc":{"start":{"line":5,"column":48},"end":{"line":12,"column":1}},"line":5},"1":{"name":"(anonymous_1)","decl":{"start":{"line":16,"column":26},"end":{"line":16,"column":27}},"loc":{"start":{"line":16,"column":52},"end":{"line":24,"column":1}},"line":16},"2":{"name":"(anonymous_2)","decl":{"start":{"line":26,"column":25},"end":{"line":26,"column":26}},"loc":{"start":{"line":26,"column":51},"end":{"line":34,"column":1}},"line":26},"3":{"name":"(anonymous_3)","decl":{"start":{"line":36,"column":30},"end":{"line":36,"column":31}},"loc":{"start":{"line":36,"column":56},"end":{"line":44,"column":1}},"line":36},"4":{"name":"(anonymous_4)","decl":{"start":{"line":46,"column":25},"end":{"line":46,"column":26}},"loc":{"start":{"line":46,"column":51},"end":{"line":54,"column":1}},"line":46},"5":{"name":"(anonymous_5)","decl":{"start":{"line":56,"column":24},"end":{"line":56,"column":25}},"loc":{"start":{"line":56,"column":50},"end":{"line":64,"column":1}},"line":56},"6":{"name":"(anonymous_6)","decl":{"start":{"line":66,"column":29},"end":{"line":66,"column":30}},"loc":{"start":{"line":66,"column":55},"end":{"line":74,"column":1}},"line":66},"7":{"name":"(anonymous_7)","decl":{"start":{"line":77,"column":23},"end":{"line":77,"column":24}},"loc":{"start":{"line":77,"column":49},"end":{"line":85,"column":1}},"line":77}},"branchMap":{},"s":{"0":5,"1":5,"2":1,"3":1,"4":1,"5":1,"6":5,"7":1,"8":1,"9":1,"10":1,"11":5,"12":1,"13":1,"14":1,"15":1,"16":5,"17":1,"18":1,"19":1,"20":1,"21":5,"22":1,"23":1,"24":1,"25":1,"26":5,"27":1,"28":1,"29":1,"30":1,"31":5,"32":1,"33":1,"34":1,"35":1,"36":5,"37":7,"38":7,"39":7,"40":7,"41":0},"f":{"0":1,"1":1,"2":1,"3":1,"4":1,"5":1,"6":1,"7":7},"b":{},"_coverageSchema":"1a1c01bbd47fc00a2c39e90264f33305004495a9","hash":"d592e26e89ded27ad5be797bc77e2a96f1b9bb6b"}
,"/Users/tinkitwong/Desktop/equitize-backend/cloudStorage/services/cloudStorage.service.js": {"path":"/Users/tinkitwong/Desktop/equitize-backend/cloudStorage/services/cloudStorage.service.js","statementMap":{"0":{"start":{"line":1,"column":15},"end":{"line":1,"column":32}},"1":{"start":{"line":2,"column":11},"end":{"line":2,"column":30}},"2":{"start":{"line":5,"column":0},"end":{"line":16,"column":1}},"3":{"start":{"line":6,"column":2},"end":{"line":6,"column":51}},"4":{"start":{"line":7,"column":2},"end":{"line":7,"column":44}},"5":{"start":{"line":9,"column":5},"end":{"line":16,"column":1}},"6":{"start":{"line":10,"column":2},"end":{"line":10,"column":47}},"7":{"start":{"line":11,"column":2},"end":{"line":11,"column":40}},"8":{"start":{"line":13,"column":5},"end":{"line":16,"column":1}},"9":{"start":{"line":14,"column":2},"end":{"line":14,"column":52}},"10":{"start":{"line":15,"column":2},"end":{"line":15,"column":45}},"11":{"start":{"line":19,"column":0},"end":{"line":224,"column":1}},"12":{"start":{"line":21,"column":4},"end":{"line":44,"column":10}},"13":{"start":{"line":22,"column":6},"end":{"line":44,"column":7}},"14":{"start":{"line":23,"column":41},"end":{"line":23,"column":50}},"15":{"start":{"line":24,"column":24},"end":{"line":24,"column":50}},"16":{"start":{"line":25,"column":19},"end":{"line":25,"column":73}},"17":{"start":{"line":27,"column":21},"end":{"line":27,"column":36}},"18":{"start":{"line":28,"column":27},"end":{"line":31,"column":10}},"19":{"start":{"line":33,"column":8},"end":{"line":41,"column":20}},"20":{"start":{"line":34,"column":28},"end":{"line":34,"column":42}},"21":{"start":{"line":35,"column":10},"end":{"line":35,"column":28}},"22":{"start":{"line":38,"column":10},"end":{"line":38,"column":26}},"23":{"start":{"line":39,"column":10},"end":{"line":39,"column":68}},"24":{"start":{"line":43,"column":8},"end":{"line":43,"column":18}},"25":{"start":{"line":47,"column":4},"end":{"line":70,"column":8}},"26":{"start":{"line":48,"column":4},"end":{"line":70,"column":5}},"27":{"start":{"line":49,"column":39},"end":{"line":49,"column":44}},"28":{"start":{"line":50,"column":22},"end":{"line":50,"column":48}},"29":{"start":{"line":51,"column":17},"end":{"line":51,"column":71}},"30":{"start":{"line":53,"column":19},"end":{"line":53,"column":34}},"31":{"start":{"line":54,"column":25},"end":{"line":57,"column":8}},"32":{"start":{"line":59,"column":6},"end":{"line":67,"column":18}},"33":{"start":{"line":60,"column":26},"end":{"line":60,"column":40}},"34":{"start":{"line":61,"column":8},"end":{"line":61,"column":26}},"35":{"start":{"line":64,"column":8},"end":{"line":64,"column":24}},"36":{"start":{"line":65,"column":8},"end":{"line":65,"column":62}},"37":{"start":{"line":69,"column":6},"end":{"line":69,"column":16}},"38":{"start":{"line":73,"column":4},"end":{"line":96,"column":8}},"39":{"start":{"line":74,"column":4},"end":{"line":96,"column":5}},"40":{"start":{"line":75,"column":39},"end":{"line":75,"column":47}},"41":{"start":{"line":76,"column":22},"end":{"line":76,"column":48}},"42":{"start":{"line":77,"column":17},"end":{"line":77,"column":71}},"43":{"start":{"line":79,"column":19},"end":{"line":79,"column":34}},"44":{"start":{"line":80,"column":25},"end":{"line":83,"column":8}},"45":{"start":{"line":85,"column":6},"end":{"line":93,"column":18}},"46":{"start":{"line":86,"column":26},"end":{"line":86,"column":40}},"47":{"start":{"line":87,"column":8},"end":{"line":87,"column":26}},"48":{"start":{"line":90,"column":8},"end":{"line":90,"column":24}},"49":{"start":{"line":91,"column":8},"end":{"line":91,"column":65}},"50":{"start":{"line":95,"column":6},"end":{"line":95,"column":16}},"51":{"start":{"line":99,"column":4},"end":{"line":122,"column":8}},"52":{"start":{"line":100,"column":4},"end":{"line":122,"column":5}},"53":{"start":{"line":101,"column":39},"end":{"line":101,"column":52}},"54":{"start":{"line":102,"column":22},"end":{"line":102,"column":48}},"55":{"start":{"line":103,"column":17},"end":{"line":103,"column":71}},"56":{"start":{"line":105,"column":19},"end":{"line":105,"column":34}},"57":{"start":{"line":106,"column":25},"end":{"line":109,"column":8}},"58":{"start":{"line":111,"column":6},"end":{"line":119,"column":18}},"59":{"start":{"line":112,"column":26},"end":{"line":112,"column":40}},"60":{"start":{"line":113,"column":8},"end":{"line":113,"column":26}},"61":{"start":{"line":116,"column":8},"end":{"line":116,"column":24}},"62":{"start":{"line":117,"column":8},"end":{"line":117,"column":70}},"63":{"start":{"line":121,"column":6},"end":{"line":121,"column":16}},"64":{"start":{"line":125,"column":4},"end":{"line":148,"column":8}},"65":{"start":{"line":126,"column":4},"end":{"line":148,"column":5}},"66":{"start":{"line":127,"column":39},"end":{"line":127,"column":47}},"67":{"start":{"line":128,"column":22},"end":{"line":128,"column":48}},"68":{"start":{"line":129,"column":17},"end":{"line":129,"column":71}},"69":{"start":{"line":131,"column":19},"end":{"line":131,"column":34}},"70":{"start":{"line":132,"column":25},"end":{"line":135,"column":8}},"71":{"start":{"line":137,"column":6},"end":{"line":145,"column":18}},"72":{"start":{"line":138,"column":26},"end":{"line":138,"column":40}},"73":{"start":{"line":139,"column":8},"end":{"line":139,"column":26}},"74":{"start":{"line":142,"column":8},"end":{"line":142,"column":24}},"75":{"start":{"line":143,"column":8},"end":{"line":143,"column":65}},"76":{"start":{"line":147,"column":6},"end":{"line":147,"column":16}},"77":{"start":{"line":151,"column":4},"end":{"line":174,"column":8}},"78":{"start":{"line":152,"column":4},"end":{"line":174,"column":5}},"79":{"start":{"line":153,"column":39},"end":{"line":153,"column":46}},"80":{"start":{"line":154,"column":22},"end":{"line":154,"column":48}},"81":{"start":{"line":155,"column":17},"end":{"line":155,"column":71}},"82":{"start":{"line":157,"column":19},"end":{"line":157,"column":34}},"83":{"start":{"line":158,"column":25},"end":{"line":161,"column":8}},"84":{"start":{"line":163,"column":6},"end":{"line":171,"column":18}},"85":{"start":{"line":164,"column":26},"end":{"line":164,"column":40}},"86":{"start":{"line":165,"column":8},"end":{"line":165,"column":26}},"87":{"start":{"line":168,"column":8},"end":{"line":168,"column":24}},"88":{"start":{"line":169,"column":8},"end":{"line":169,"column":64}},"89":{"start":{"line":173,"column":6},"end":{"line":173,"column":16}},"90":{"start":{"line":177,"column":4},"end":{"line":200,"column":8}},"91":{"start":{"line":178,"column":4},"end":{"line":200,"column":5}},"92":{"start":{"line":179,"column":39},"end":{"line":179,"column":51}},"93":{"start":{"line":180,"column":22},"end":{"line":180,"column":48}},"94":{"start":{"line":181,"column":17},"end":{"line":181,"column":71}},"95":{"start":{"line":183,"column":19},"end":{"line":183,"column":34}},"96":{"start":{"line":184,"column":25},"end":{"line":187,"column":8}},"97":{"start":{"line":189,"column":6},"end":{"line":197,"column":18}},"98":{"start":{"line":190,"column":26},"end":{"line":190,"column":40}},"99":{"start":{"line":191,"column":8},"end":{"line":191,"column":26}},"100":{"start":{"line":194,"column":8},"end":{"line":194,"column":24}},"101":{"start":{"line":195,"column":8},"end":{"line":195,"column":69}},"102":{"start":{"line":199,"column":6},"end":{"line":199,"column":16}},"103":{"start":{"line":203,"column":4},"end":{"line":222,"column":5}},"104":{"start":{"line":205,"column":23},"end":{"line":205,"column":33}},"105":{"start":{"line":207,"column":6},"end":{"line":207,"column":37}},"106":{"start":{"line":208,"column":22},"end":{"line":212,"column":7}},"107":{"start":{"line":213,"column":20},"end":{"line":216,"column":28}},"108":{"start":{"line":217,"column":6},"end":{"line":219,"column":7}},"109":{"start":{"line":221,"column":6},"end":{"line":221,"column":22}}},"fnMap":{"0":{"name":"(anonymous_0)","decl":{"start":{"line":20,"column":20},"end":{"line":20,"column":21}},"loc":{"start":{"line":20,"column":41},"end":{"line":45,"column":3}},"line":20},"1":{"name":"(anonymous_1)","decl":{"start":{"line":21,"column":23},"end":{"line":21,"column":24}},"loc":{"start":{"line":21,"column":44},"end":{"line":44,"column":8}},"line":21},"2":{"name":"(anonymous_2)","decl":{"start":{"line":33,"column":32},"end":{"line":33,"column":33}},"loc":{"start":{"line":33,"column":38},"end":{"line":36,"column":9}},"line":33},"3":{"name":"(anonymous_3)","decl":{"start":{"line":37,"column":21},"end":{"line":37,"column":22}},"loc":{"start":{"line":37,"column":30},"end":{"line":40,"column":9}},"line":37},"4":{"name":"(anonymous_4)","decl":{"start":{"line":46,"column":16},"end":{"line":46,"column":17}},"loc":{"start":{"line":46,"column":33},"end":{"line":71,"column":3}},"line":46},"5":{"name":"(anonymous_5)","decl":{"start":{"line":47,"column":23},"end":{"line":47,"column":24}},"loc":{"start":{"line":47,"column":44},"end":{"line":70,"column":6}},"line":47},"6":{"name":"(anonymous_6)","decl":{"start":{"line":59,"column":30},"end":{"line":59,"column":31}},"loc":{"start":{"line":59,"column":36},"end":{"line":62,"column":7}},"line":59},"7":{"name":"(anonymous_7)","decl":{"start":{"line":63,"column":19},"end":{"line":63,"column":20}},"loc":{"start":{"line":63,"column":28},"end":{"line":66,"column":7}},"line":63},"8":{"name":"(anonymous_8)","decl":{"start":{"line":72,"column":19},"end":{"line":72,"column":20}},"loc":{"start":{"line":72,"column":39},"end":{"line":97,"column":3}},"line":72},"9":{"name":"(anonymous_9)","decl":{"start":{"line":73,"column":23},"end":{"line":73,"column":24}},"loc":{"start":{"line":73,"column":44},"end":{"line":96,"column":6}},"line":73},"10":{"name":"(anonymous_10)","decl":{"start":{"line":85,"column":30},"end":{"line":85,"column":31}},"loc":{"start":{"line":85,"column":36},"end":{"line":88,"column":7}},"line":85},"11":{"name":"(anonymous_11)","decl":{"start":{"line":89,"column":19},"end":{"line":89,"column":20}},"loc":{"start":{"line":89,"column":28},"end":{"line":92,"column":7}},"line":89},"12":{"name":"(anonymous_12)","decl":{"start":{"line":98,"column":24},"end":{"line":98,"column":25}},"loc":{"start":{"line":98,"column":49},"end":{"line":123,"column":3}},"line":98},"13":{"name":"(anonymous_13)","decl":{"start":{"line":99,"column":23},"end":{"line":99,"column":24}},"loc":{"start":{"line":99,"column":44},"end":{"line":122,"column":6}},"line":99},"14":{"name":"(anonymous_14)","decl":{"start":{"line":111,"column":30},"end":{"line":111,"column":31}},"loc":{"start":{"line":111,"column":36},"end":{"line":114,"column":7}},"line":111},"15":{"name":"(anonymous_15)","decl":{"start":{"line":115,"column":19},"end":{"line":115,"column":20}},"loc":{"start":{"line":115,"column":28},"end":{"line":118,"column":7}},"line":115},"16":{"name":"(anonymous_16)","decl":{"start":{"line":124,"column":19},"end":{"line":124,"column":20}},"loc":{"start":{"line":124,"column":39},"end":{"line":149,"column":3}},"line":124},"17":{"name":"(anonymous_17)","decl":{"start":{"line":125,"column":23},"end":{"line":125,"column":24}},"loc":{"start":{"line":125,"column":44},"end":{"line":148,"column":6}},"line":125},"18":{"name":"(anonymous_18)","decl":{"start":{"line":137,"column":30},"end":{"line":137,"column":31}},"loc":{"start":{"line":137,"column":36},"end":{"line":140,"column":7}},"line":137},"19":{"name":"(anonymous_19)","decl":{"start":{"line":141,"column":19},"end":{"line":141,"column":20}},"loc":{"start":{"line":141,"column":28},"end":{"line":144,"column":7}},"line":141},"20":{"name":"(anonymous_20)","decl":{"start":{"line":150,"column":18},"end":{"line":150,"column":19}},"loc":{"start":{"line":150,"column":37},"end":{"line":175,"column":3}},"line":150},"21":{"name":"(anonymous_21)","decl":{"start":{"line":151,"column":23},"end":{"line":151,"column":24}},"loc":{"start":{"line":151,"column":44},"end":{"line":174,"column":6}},"line":151},"22":{"name":"(anonymous_22)","decl":{"start":{"line":163,"column":30},"end":{"line":163,"column":31}},"loc":{"start":{"line":163,"column":36},"end":{"line":166,"column":7}},"line":163},"23":{"name":"(anonymous_23)","decl":{"start":{"line":167,"column":19},"end":{"line":167,"column":20}},"loc":{"start":{"line":167,"column":28},"end":{"line":170,"column":7}},"line":167},"24":{"name":"(anonymous_24)","decl":{"start":{"line":176,"column":23},"end":{"line":176,"column":24}},"loc":{"start":{"line":176,"column":47},"end":{"line":201,"column":3}},"line":176},"25":{"name":"(anonymous_25)","decl":{"start":{"line":177,"column":23},"end":{"line":177,"column":24}},"loc":{"start":{"line":177,"column":44},"end":{"line":200,"column":6}},"line":177},"26":{"name":"(anonymous_26)","decl":{"start":{"line":189,"column":30},"end":{"line":189,"column":31}},"loc":{"start":{"line":189,"column":36},"end":{"line":192,"column":7}},"line":189},"27":{"name":"(anonymous_27)","decl":{"start":{"line":193,"column":19},"end":{"line":193,"column":20}},"loc":{"start":{"line":193,"column":28},"end":{"line":196,"column":7}},"line":193},"28":{"name":"(anonymous_28)","decl":{"start":{"line":202,"column":17},"end":{"line":202,"column":18}},"loc":{"start":{"line":202,"column":45},"end":{"line":223,"column":1}},"line":202}},"branchMap":{"0":{"loc":{"start":{"line":5,"column":0},"end":{"line":16,"column":1}},"type":"if","locations":[{"start":{"line":5,"column":0},"end":{"line":16,"column":1}},{"start":{"line":5,"column":0},"end":{"line":16,"column":1}}],"line":5},"1":{"loc":{"start":{"line":9,"column":5},"end":{"line":16,"column":1}},"type":"if","locations":[{"start":{"line":9,"column":5},"end":{"line":16,"column":1}},{"start":{"line":9,"column":5},"end":{"line":16,"column":1}}],"line":9},"2":{"loc":{"start":{"line":13,"column":5},"end":{"line":16,"column":1}},"type":"if","locations":[{"start":{"line":13,"column":5},"end":{"line":16,"column":1}},{"start":{"line":13,"column":5},"end":{"line":16,"column":1}}],"line":13}},"s":{"0":5,"1":5,"2":5,"3":0,"4":0,"5":5,"6":0,"7":0,"8":5,"9":5,"10":5,"11":5,"12":1,"13":1,"14":1,"15":1,"16":1,"17":1,"18":1,"19":1,"20":1,"21":1,"22":0,"23":0,"24":0,"25":1,"26":1,"27":1,"28":1,"29":1,"30":1,"31":1,"32":1,"33":1,"34":1,"35":0,"36":0,"37":0,"38":1,"39":1,"40":1,"41":1,"42":1,"43":1,"44":1,"45":1,"46":1,"47":1,"48":0,"49":0,"50":0,"51":1,"52":1,"53":1,"54":1,"55":1,"56":1,"57":1,"58":1,"59":1,"60":1,"61":0,"62":0,"63":0,"64":1,"65":1,"66":1,"67":1,"68":1,"69":1,"70":1,"71":1,"72":1,"73":1,"74":0,"75":0,"76":0,"77":1,"78":1,"79":1,"80":1,"81":1,"82":1,"83":1,"84":1,"85":1,"86":1,"87":0,"88":0,"89":0,"90":1,"91":1,"92":1,"93":1,"94":1,"95":1,"96":1,"97":1,"98":1,"99":1,"100":0,"101":0,"102":0,"103":7,"104":7,"105":7,"106":7,"107":7,"108":7,"109":0},"f":{"0":1,"1":1,"2":1,"3":0,"4":1,"5":1,"6":1,"7":0,"8":1,"9":1,"10":1,"11":0,"12":1,"13":1,"14":1,"15":0,"16":1,"17":1,"18":1,"19":0,"20":1,"21":1,"22":1,"23":0,"24":1,"25":1,"26":1,"27":0,"28":7},"b":{"0":[0,5],"1":[0,5],"2":[5,0]},"_coverageSchema":"1a1c01bbd47fc00a2c39e90264f33305004495a9","hash":"d5764fa0a64c73a93ecd56795454241331ffc544"}
,"/Users/tinkitwong/Desktop/equitize-backend/db/config/db.config.js": {"path":"/Users/tinkitwong/Desktop/equitize-backend/db/config/db.config.js","statementMap":{"0":{"start":{"line":1,"column":15},"end":{"line":1,"column":28}},"1":{"start":{"line":2,"column":0},"end":{"line":4,"column":1}},"2":{"start":{"line":3,"column":2},"end":{"line":3,"column":20}},"3":{"start":{"line":6,"column":0},"end":{"line":18,"column":4}}},"fnMap":{},"branchMap":{"0":{"loc":{"start":{"line":2,"column":0},"end":{"line":4,"column":1}},"type":"if","locations":[{"start":{"line":2,"column":0},"end":{"line":4,"column":1}},{"start":{"line":2,"column":0},"end":{"line":4,"column":1}}],"line":2}},"s":{"0":5,"1":5,"2":0,"3":5},"f":{},"b":{"0":[0,5]},"_coverageSchema":"1a1c01bbd47fc00a2c39e90264f33305004495a9","hash":"e989bdc8578dc2ae69a91dc87f1e89e6f629cb80"}
,"/Users/tinkitwong/Desktop/equitize-backend/db/controllers/campaign.controller.js": {"path":"/Users/tinkitwong/Desktop/equitize-backend/db/controllers/campaign.controller.js","statementMap":{"0":{"start":{"line":1,"column":21},"end":{"line":1,"column":41}},"1":{"start":{"line":5,"column":24},"end":{"line":5,"column":63}},"2":{"start":{"line":8,"column":0},"end":{"line":47,"column":2}},"3":{"start":{"line":10,"column":2},"end":{"line":15,"column":3}},"4":{"start":{"line":11,"column":4},"end":{"line":13,"column":7}},"5":{"start":{"line":14,"column":4},"end":{"line":14,"column":11}},"6":{"start":{"line":20,"column":19},"end":{"line":24,"column":3}},"7":{"start":{"line":26,"column":2},"end":{"line":35,"column":5}},"8":{"start":{"line":28,"column":4},"end":{"line":28,"column":19}},"9":{"start":{"line":31,"column":4},"end":{"line":34,"column":7}},"10":{"start":{"line":50,"column":0},"end":{"line":76,"column":2}},"11":{"start":{"line":51,"column":20},"end":{"line":51,"column":39}},"12":{"start":{"line":55,"column":2},"end":{"line":64,"column":5}},"13":{"start":{"line":57,"column":4},"end":{"line":57,"column":19}},"14":{"start":{"line":60,"column":4},"end":{"line":63,"column":7}},"15":{"start":{"line":79,"column":0},"end":{"line":112,"column":2}},"16":{"start":{"line":80,"column":13},"end":{"line":80,"column":26}},"17":{"start":{"line":82,"column":2},"end":{"line":96,"column":5}},"18":{"start":{"line":84,"column":4},"end":{"line":90,"column":5}},"19":{"start":{"line":85,"column":6},"end":{"line":87,"column":8}},"20":{"start":{"line":89,"column":6},"end":{"line":89,"column":21}},"21":{"start":{"line":93,"column":4},"end":{"line":95,"column":7}},"22":{"start":{"line":115,"column":0},"end":{"line":155,"column":2}},"23":{"start":{"line":116,"column":20},"end":{"line":116,"column":40}},"24":{"start":{"line":118,"column":2},"end":{"line":135,"column":5}},"25":{"start":{"line":120,"column":4},"end":{"line":128,"column":5}},"26":{"start":{"line":121,"column":6},"end":{"line":123,"column":9}},"27":{"start":{"line":125,"column":6},"end":{"line":127,"column":9}},"28":{"start":{"line":131,"column":4},"end":{"line":131,"column":20}},"29":{"start":{"line":132,"column":4},"end":{"line":134,"column":7}},"30":{"start":{"line":160,"column":0},"end":{"line":200,"column":2}},"31":{"start":{"line":161,"column":13},"end":{"line":161,"column":26}},"32":{"start":{"line":163,"column":2},"end":{"line":179,"column":5}},"33":{"start":{"line":165,"column":4},"end":{"line":173,"column":5}},"34":{"start":{"line":166,"column":6},"end":{"line":168,"column":9}},"35":{"start":{"line":170,"column":6},"end":{"line":172,"column":9}},"36":{"start":{"line":176,"column":4},"end":{"line":178,"column":7}},"37":{"start":{"line":203,"column":0},"end":{"line":228,"column":2}},"38":{"start":{"line":205,"column":2},"end":{"line":214,"column":5}},"39":{"start":{"line":207,"column":4},"end":{"line":207,"column":73}},"40":{"start":{"line":210,"column":4},"end":{"line":213,"column":7}},"41":{"start":{"line":251,"column":0},"end":{"line":285,"column":2}},"42":{"start":{"line":253,"column":20},"end":{"line":253,"column":40}},"43":{"start":{"line":258,"column":2},"end":{"line":273,"column":5}},"44":{"start":{"line":260,"column":4},"end":{"line":266,"column":5}},"45":{"start":{"line":261,"column":6},"end":{"line":263,"column":8}},"46":{"start":{"line":265,"column":6},"end":{"line":265,"column":21}},"47":{"start":{"line":269,"column":4},"end":{"line":272,"column":7}},"48":{"start":{"line":288,"column":0},"end":{"line":333,"column":2}},"49":{"start":{"line":289,"column":20},"end":{"line":289,"column":40}},"50":{"start":{"line":293,"column":2},"end":{"line":321,"column":5}},"51":{"start":{"line":297,"column":4},"end":{"line":314,"column":5}},"52":{"start":{"line":299,"column":23},"end":{"line":301,"column":7}},"53":{"start":{"line":302,"column":6},"end":{"line":311,"column":9}},"54":{"start":{"line":304,"column":8},"end":{"line":304,"column":14}},"55":{"start":{"line":307,"column":8},"end":{"line":310,"column":11}},"56":{"start":{"line":313,"column":6},"end":{"line":313,"column":13}},"57":{"start":{"line":317,"column":4},"end":{"line":320,"column":7}}},"fnMap":{"0":{"name":"(anonymous_0)","decl":{"start":{"line":8,"column":17},"end":{"line":8,"column":18}},"loc":{"start":{"line":8,"column":31},"end":{"line":47,"column":1}},"line":8},"1":{"name":"(anonymous_1)","decl":{"start":{"line":27,"column":8},"end":{"line":27,"column":9}},"loc":{"start":{"line":27,"column":16},"end":{"line":29,"column":3}},"line":27},"2":{"name":"(anonymous_2)","decl":{"start":{"line":30,"column":9},"end":{"line":30,"column":10}},"loc":{"start":{"line":30,"column":16},"end":{"line":35,"column":3}},"line":30},"3":{"name":"(anonymous_3)","decl":{"start":{"line":50,"column":18},"end":{"line":50,"column":19}},"loc":{"start":{"line":50,"column":32},"end":{"line":76,"column":1}},"line":50},"4":{"name":"(anonymous_4)","decl":{"start":{"line":56,"column":8},"end":{"line":56,"column":9}},"loc":{"start":{"line":56,"column":16},"end":{"line":58,"column":3}},"line":56},"5":{"name":"(anonymous_5)","decl":{"start":{"line":59,"column":9},"end":{"line":59,"column":10}},"loc":{"start":{"line":59,"column":16},"end":{"line":64,"column":3}},"line":59},"6":{"name":"(anonymous_6)","decl":{"start":{"line":79,"column":18},"end":{"line":79,"column":19}},"loc":{"start":{"line":79,"column":32},"end":{"line":112,"column":1}},"line":79},"7":{"name":"(anonymous_7)","decl":{"start":{"line":83,"column":8},"end":{"line":83,"column":9}},"loc":{"start":{"line":83,"column":16},"end":{"line":91,"column":3}},"line":83},"8":{"name":"(anonymous_8)","decl":{"start":{"line":92,"column":9},"end":{"line":92,"column":10}},"loc":{"start":{"line":92,"column":16},"end":{"line":96,"column":3}},"line":92},"9":{"name":"(anonymous_9)","decl":{"start":{"line":115,"column":17},"end":{"line":115,"column":18}},"loc":{"start":{"line":115,"column":31},"end":{"line":155,"column":1}},"line":115},"10":{"name":"(anonymous_10)","decl":{"start":{"line":119,"column":8},"end":{"line":119,"column":9}},"loc":{"start":{"line":119,"column":15},"end":{"line":129,"column":3}},"line":119},"11":{"name":"(anonymous_11)","decl":{"start":{"line":130,"column":9},"end":{"line":130,"column":10}},"loc":{"start":{"line":130,"column":16},"end":{"line":135,"column":3}},"line":130},"12":{"name":"(anonymous_12)","decl":{"start":{"line":160,"column":17},"end":{"line":160,"column":18}},"loc":{"start":{"line":160,"column":31},"end":{"line":200,"column":1}},"line":160},"13":{"name":"(anonymous_13)","decl":{"start":{"line":164,"column":8},"end":{"line":164,"column":9}},"loc":{"start":{"line":164,"column":15},"end":{"line":174,"column":3}},"line":164},"14":{"name":"(anonymous_14)","decl":{"start":{"line":175,"column":9},"end":{"line":175,"column":10}},"loc":{"start":{"line":175,"column":16},"end":{"line":179,"column":3}},"line":175},"15":{"name":"(anonymous_15)","decl":{"start":{"line":203,"column":20},"end":{"line":203,"column":21}},"loc":{"start":{"line":203,"column":34},"end":{"line":228,"column":1}},"line":203},"16":{"name":"(anonymous_16)","decl":{"start":{"line":206,"column":8},"end":{"line":206,"column":9}},"loc":{"start":{"line":206,"column":16},"end":{"line":208,"column":3}},"line":206},"17":{"name":"(anonymous_17)","decl":{"start":{"line":209,"column":9},"end":{"line":209,"column":10}},"loc":{"start":{"line":209,"column":16},"end":{"line":214,"column":3}},"line":209},"18":{"name":"(anonymous_18)","decl":{"start":{"line":251,"column":27},"end":{"line":251,"column":28}},"loc":{"start":{"line":251,"column":41},"end":{"line":285,"column":1}},"line":251},"19":{"name":"(anonymous_19)","decl":{"start":{"line":259,"column":8},"end":{"line":259,"column":9}},"loc":{"start":{"line":259,"column":16},"end":{"line":267,"column":3}},"line":259},"20":{"name":"(anonymous_20)","decl":{"start":{"line":268,"column":9},"end":{"line":268,"column":10}},"loc":{"start":{"line":268,"column":16},"end":{"line":273,"column":3}},"line":268},"21":{"name":"(anonymous_21)","decl":{"start":{"line":288,"column":22},"end":{"line":288,"column":23}},"loc":{"start":{"line":288,"column":42},"end":{"line":333,"column":1}},"line":288},"22":{"name":"(anonymous_22)","decl":{"start":{"line":294,"column":8},"end":{"line":294,"column":9}},"loc":{"start":{"line":294,"column":16},"end":{"line":315,"column":3}},"line":294},"23":{"name":"(anonymous_23)","decl":{"start":{"line":303,"column":12},"end":{"line":303,"column":13}},"loc":{"start":{"line":303,"column":20},"end":{"line":305,"column":7}},"line":303},"24":{"name":"(anonymous_24)","decl":{"start":{"line":306,"column":13},"end":{"line":306,"column":14}},"loc":{"start":{"line":306,"column":20},"end":{"line":311,"column":7}},"line":306},"25":{"name":"(anonymous_25)","decl":{"start":{"line":316,"column":9},"end":{"line":316,"column":10}},"loc":{"start":{"line":316,"column":16},"end":{"line":321,"column":3}},"line":316}},"branchMap":{"0":{"loc":{"start":{"line":10,"column":2},"end":{"line":15,"column":3}},"type":"if","locations":[{"start":{"line":10,"column":2},"end":{"line":15,"column":3}},{"start":{"line":10,"column":2},"end":{"line":15,"column":3}}],"line":10},"1":{"loc":{"start":{"line":33,"column":8},"end":{"line":33,"column":73}},"type":"binary-expr","locations":[{"start":{"line":33,"column":8},"end":{"line":33,"column":19}},{"start":{"line":33,"column":23},"end":{"line":33,"column":73}}],"line":33},"2":{"loc":{"start":{"line":62,"column":8},"end":{"line":62,"column":71}},"type":"binary-expr","locations":[{"start":{"line":62,"column":8},"end":{"line":62,"column":19}},{"start":{"line":62,"column":23},"end":{"line":62,"column":71}}],"line":62},"3":{"loc":{"start":{"line":84,"column":4},"end":{"line":90,"column":5}},"type":"if","locations":[{"start":{"line":84,"column":4},"end":{"line":90,"column":5}},{"start":{"line":84,"column":4},"end":{"line":90,"column":5}}],"line":84},"4":{"loc":{"start":{"line":120,"column":4},"end":{"line":128,"column":5}},"type":"if","locations":[{"start":{"line":120,"column":4},"end":{"line":128,"column":5}},{"start":{"line":120,"column":4},"end":{"line":128,"column":5}}],"line":120},"5":{"loc":{"start":{"line":165,"column":4},"end":{"line":173,"column":5}},"type":"if","locations":[{"start":{"line":165,"column":4},"end":{"line":173,"column":5}},{"start":{"line":165,"column":4},"end":{"line":173,"column":5}}],"line":165},"6":{"loc":{"start":{"line":212,"column":8},"end":{"line":212,"column":73}},"type":"binary-expr","locations":[{"start":{"line":212,"column":8},"end":{"line":212,"column":19}},{"start":{"line":212,"column":23},"end":{"line":212,"column":73}}],"line":212},"7":{"loc":{"start":{"line":260,"column":4},"end":{"line":266,"column":5}},"type":"if","locations":[{"start":{"line":260,"column":4},"end":{"line":266,"column":5}},{"start":{"line":260,"column":4},"end":{"line":266,"column":5}}],"line":260},"8":{"loc":{"start":{"line":271,"column":8},"end":{"line":271,"column":71}},"type":"binary-expr","locations":[{"start":{"line":271,"column":8},"end":{"line":271,"column":19}},{"start":{"line":271,"column":23},"end":{"line":271,"column":71}}],"line":271},"9":{"loc":{"start":{"line":297,"column":4},"end":{"line":314,"column":5}},"type":"if","locations":[{"start":{"line":297,"column":4},"end":{"line":314,"column":5}},{"start":{"line":297,"column":4},"end":{"line":314,"column":5}}],"line":297},"10":{"loc":{"start":{"line":309,"column":12},"end":{"line":309,"column":77}},"type":"binary-expr","locations":[{"start":{"line":309,"column":12},"end":{"line":309,"column":23}},{"start":{"line":309,"column":27},"end":{"line":309,"column":77}}],"line":309},"11":{"loc":{"start":{"line":319,"column":8},"end":{"line":319,"column":71}},"type":"binary-expr","locations":[{"start":{"line":319,"column":8},"end":{"line":319,"column":19}},{"start":{"line":319,"column":23},"end":{"line":319,"column":71}}],"line":319}},"s":{"0":5,"1":5,"2":5,"3":4,"4":1,"5":1,"6":3,"7":3,"8":3,"9":0,"10":5,"11":1,"12":1,"13":1,"14":0,"15":5,"16":2,"17":2,"18":2,"19":1,"20":1,"21":0,"22":5,"23":4,"24":4,"25":4,"26":3,"27":1,"28":0,"29":0,"30":5,"31":3,"32":3,"33":3,"34":1,"35":2,"36":0,"37":5,"38":1,"39":1,"40":0,"41":5,"42":3,"43":3,"44":3,"45":1,"46":2,"47":0,"48":5,"49":2,"50":2,"51":2,"52":1,"53":1,"54":1,"55":0,"56":1,"57":0},"f":{"0":4,"1":3,"2":0,"3":1,"4":1,"5":0,"6":2,"7":2,"8":0,"9":4,"10":4,"11":0,"12":3,"13":3,"14":0,"15":1,"16":1,"17":0,"18":3,"19":3,"20":0,"21":2,"22":2,"23":1,"24":0,"25":0},"b":{"0":[1,3],"1":[0,0],"2":[0,0],"3":[1,1],"4":[3,1],"5":[1,2],"6":[0,0],"7":[1,2],"8":[0,0],"9":[1,1],"10":[0,0],"11":[0,0]},"_coverageSchema":"1a1c01bbd47fc00a2c39e90264f33305004495a9","hash":"1c6765ba275628a66afc9d015327f5bd24a770a7"}
,"/Users/tinkitwong/Desktop/equitize-backend/db/controllers/commercialChampion.controller.js": {"path":"/Users/tinkitwong/Desktop/equitize-backend/db/controllers/commercialChampion.controller.js","statementMap":{"0":{"start":{"line":1,"column":11},"end":{"line":1,"column":31}},"1":{"start":{"line":2,"column":27},"end":{"line":2,"column":48}},"2":{"start":{"line":3,"column":11},"end":{"line":3,"column":26}},"3":{"start":{"line":4,"column":34},"end":{"line":4,"column":83}},"4":{"start":{"line":7,"column":0},"end":{"line":52,"column":2}},"5":{"start":{"line":8,"column":2},"end":{"line":50,"column":3}},"6":{"start":{"line":10,"column":4},"end":{"line":15,"column":5}},"7":{"start":{"line":11,"column":6},"end":{"line":13,"column":9}},"8":{"start":{"line":14,"column":6},"end":{"line":14,"column":13}},"9":{"start":{"line":19,"column":31},"end":{"line":25,"column":5}},"10":{"start":{"line":28,"column":4},"end":{"line":37,"column":7}},"11":{"start":{"line":30,"column":6},"end":{"line":30,"column":21}},"12":{"start":{"line":33,"column":6},"end":{"line":36,"column":9}},"13":{"start":{"line":49,"column":4},"end":{"line":49,"column":15}},"14":{"start":{"line":55,"column":0},"end":{"line":81,"column":2}},"15":{"start":{"line":56,"column":17},"end":{"line":56,"column":31}},"16":{"start":{"line":60,"column":4},"end":{"line":69,"column":7}},"17":{"start":{"line":62,"column":6},"end":{"line":62,"column":21}},"18":{"start":{"line":65,"column":6},"end":{"line":68,"column":9}},"19":{"start":{"line":84,"column":0},"end":{"line":119,"column":2}},"20":{"start":{"line":85,"column":13},"end":{"line":85,"column":26}},"21":{"start":{"line":88,"column":2},"end":{"line":102,"column":5}},"22":{"start":{"line":90,"column":4},"end":{"line":96,"column":5}},"23":{"start":{"line":91,"column":6},"end":{"line":93,"column":8}},"24":{"start":{"line":95,"column":4},"end":{"line":95,"column":19}},"25":{"start":{"line":99,"column":4},"end":{"line":101,"column":7}},"26":{"start":{"line":122,"column":0},"end":{"line":163,"column":2}},"27":{"start":{"line":123,"column":13},"end":{"line":123,"column":26}},"28":{"start":{"line":126,"column":2},"end":{"line":142,"column":5}},"29":{"start":{"line":128,"column":4},"end":{"line":136,"column":5}},"30":{"start":{"line":129,"column":6},"end":{"line":131,"column":9}},"31":{"start":{"line":133,"column":6},"end":{"line":135,"column":9}},"32":{"start":{"line":139,"column":4},"end":{"line":141,"column":7}},"33":{"start":{"line":166,"column":0},"end":{"line":208,"column":2}},"34":{"start":{"line":167,"column":13},"end":{"line":167,"column":26}},"35":{"start":{"line":170,"column":2},"end":{"line":186,"column":5}},"36":{"start":{"line":172,"column":4},"end":{"line":180,"column":5}},"37":{"start":{"line":173,"column":6},"end":{"line":175,"column":9}},"38":{"start":{"line":177,"column":6},"end":{"line":179,"column":9}},"39":{"start":{"line":183,"column":4},"end":{"line":185,"column":7}},"40":{"start":{"line":211,"column":0},"end":{"line":236,"column":2}},"41":{"start":{"line":213,"column":2},"end":{"line":222,"column":5}},"42":{"start":{"line":215,"column":4},"end":{"line":215,"column":83}},"43":{"start":{"line":218,"column":4},"end":{"line":221,"column":7}},"44":{"start":{"line":241,"column":0},"end":{"line":268,"column":2}},"45":{"start":{"line":243,"column":15},"end":{"line":243,"column":30}},"46":{"start":{"line":247,"column":2},"end":{"line":256,"column":5}},"47":{"start":{"line":249,"column":4},"end":{"line":249,"column":19}},"48":{"start":{"line":252,"column":4},"end":{"line":255,"column":7}},"49":{"start":{"line":270,"column":0},"end":{"line":305,"column":2}},"50":{"start":{"line":272,"column":20},"end":{"line":272,"column":40}},"51":{"start":{"line":277,"column":2},"end":{"line":293,"column":5}},"52":{"start":{"line":279,"column":4},"end":{"line":286,"column":5}},"53":{"start":{"line":280,"column":6},"end":{"line":282,"column":8}},"54":{"start":{"line":285,"column":6},"end":{"line":285,"column":21}},"55":{"start":{"line":289,"column":4},"end":{"line":292,"column":7}}},"fnMap":{"0":{"name":"(anonymous_0)","decl":{"start":{"line":7,"column":17},"end":{"line":7,"column":18}},"loc":{"start":{"line":7,"column":31},"end":{"line":52,"column":1}},"line":7},"1":{"name":"(anonymous_1)","decl":{"start":{"line":29,"column":10},"end":{"line":29,"column":11}},"loc":{"start":{"line":29,"column":18},"end":{"line":31,"column":5}},"line":29},"2":{"name":"(anonymous_2)","decl":{"start":{"line":32,"column":11},"end":{"line":32,"column":12}},"loc":{"start":{"line":32,"column":18},"end":{"line":37,"column":5}},"line":32},"3":{"name":"(anonymous_3)","decl":{"start":{"line":55,"column":18},"end":{"line":55,"column":19}},"loc":{"start":{"line":55,"column":32},"end":{"line":81,"column":1}},"line":55},"4":{"name":"(anonymous_4)","decl":{"start":{"line":61,"column":10},"end":{"line":61,"column":11}},"loc":{"start":{"line":61,"column":18},"end":{"line":63,"column":5}},"line":61},"5":{"name":"(anonymous_5)","decl":{"start":{"line":64,"column":11},"end":{"line":64,"column":12}},"loc":{"start":{"line":64,"column":18},"end":{"line":69,"column":5}},"line":64},"6":{"name":"(anonymous_6)","decl":{"start":{"line":84,"column":18},"end":{"line":84,"column":19}},"loc":{"start":{"line":84,"column":32},"end":{"line":119,"column":1}},"line":84},"7":{"name":"(anonymous_7)","decl":{"start":{"line":89,"column":8},"end":{"line":89,"column":9}},"loc":{"start":{"line":89,"column":16},"end":{"line":97,"column":3}},"line":89},"8":{"name":"(anonymous_8)","decl":{"start":{"line":98,"column":9},"end":{"line":98,"column":10}},"loc":{"start":{"line":98,"column":16},"end":{"line":102,"column":3}},"line":98},"9":{"name":"(anonymous_9)","decl":{"start":{"line":122,"column":17},"end":{"line":122,"column":18}},"loc":{"start":{"line":122,"column":31},"end":{"line":163,"column":1}},"line":122},"10":{"name":"(anonymous_10)","decl":{"start":{"line":127,"column":8},"end":{"line":127,"column":9}},"loc":{"start":{"line":127,"column":15},"end":{"line":137,"column":3}},"line":127},"11":{"name":"(anonymous_11)","decl":{"start":{"line":138,"column":9},"end":{"line":138,"column":10}},"loc":{"start":{"line":138,"column":16},"end":{"line":142,"column":3}},"line":138},"12":{"name":"(anonymous_12)","decl":{"start":{"line":166,"column":17},"end":{"line":166,"column":18}},"loc":{"start":{"line":166,"column":31},"end":{"line":208,"column":1}},"line":166},"13":{"name":"(anonymous_13)","decl":{"start":{"line":171,"column":8},"end":{"line":171,"column":9}},"loc":{"start":{"line":171,"column":15},"end":{"line":181,"column":3}},"line":171},"14":{"name":"(anonymous_14)","decl":{"start":{"line":182,"column":9},"end":{"line":182,"column":10}},"loc":{"start":{"line":182,"column":16},"end":{"line":186,"column":3}},"line":182},"15":{"name":"(anonymous_15)","decl":{"start":{"line":211,"column":20},"end":{"line":211,"column":21}},"loc":{"start":{"line":211,"column":34},"end":{"line":236,"column":1}},"line":211},"16":{"name":"(anonymous_16)","decl":{"start":{"line":214,"column":8},"end":{"line":214,"column":9}},"loc":{"start":{"line":214,"column":16},"end":{"line":216,"column":3}},"line":214},"17":{"name":"(anonymous_17)","decl":{"start":{"line":217,"column":9},"end":{"line":217,"column":10}},"loc":{"start":{"line":217,"column":16},"end":{"line":222,"column":3}},"line":217},"18":{"name":"(anonymous_18)","decl":{"start":{"line":241,"column":22},"end":{"line":241,"column":23}},"loc":{"start":{"line":241,"column":36},"end":{"line":268,"column":1}},"line":241},"19":{"name":"(anonymous_19)","decl":{"start":{"line":248,"column":8},"end":{"line":248,"column":9}},"loc":{"start":{"line":248,"column":16},"end":{"line":250,"column":3}},"line":248},"20":{"name":"(anonymous_20)","decl":{"start":{"line":251,"column":9},"end":{"line":251,"column":10}},"loc":{"start":{"line":251,"column":16},"end":{"line":256,"column":3}},"line":251},"21":{"name":"(anonymous_21)","decl":{"start":{"line":270,"column":27},"end":{"line":270,"column":28}},"loc":{"start":{"line":270,"column":41},"end":{"line":305,"column":1}},"line":270},"22":{"name":"(anonymous_22)","decl":{"start":{"line":278,"column":8},"end":{"line":278,"column":9}},"loc":{"start":{"line":278,"column":16},"end":{"line":287,"column":3}},"line":278},"23":{"name":"(anonymous_23)","decl":{"start":{"line":288,"column":9},"end":{"line":288,"column":10}},"loc":{"start":{"line":288,"column":16},"end":{"line":293,"column":3}},"line":288}},"branchMap":{"0":{"loc":{"start":{"line":10,"column":4},"end":{"line":15,"column":5}},"type":"if","locations":[{"start":{"line":10,"column":4},"end":{"line":15,"column":5}},{"start":{"line":10,"column":4},"end":{"line":15,"column":5}}],"line":10},"1":{"loc":{"start":{"line":10,"column":8},"end":{"line":10,"column":64}},"type":"binary-expr","locations":[{"start":{"line":10,"column":8},"end":{"line":10,"column":22}},{"start":{"line":10,"column":26},"end":{"line":10,"column":41}},{"start":{"line":10,"column":45},"end":{"line":10,"column":64}}],"line":10},"2":{"loc":{"start":{"line":23,"column":18},"end":{"line":23,"column":63}},"type":"cond-expr","locations":[{"start":{"line":23,"column":40},"end":{"line":23,"column":59}},{"start":{"line":23,"column":61},"end":{"line":23,"column":63}}],"line":23},"3":{"loc":{"start":{"line":24,"column":24},"end":{"line":24,"column":81}},"type":"cond-expr","locations":[{"start":{"line":24,"column":52},"end":{"line":24,"column":77}},{"start":{"line":24,"column":79},"end":{"line":24,"column":81}}],"line":24},"4":{"loc":{"start":{"line":35,"column":10},"end":{"line":35,"column":85}},"type":"binary-expr","locations":[{"start":{"line":35,"column":10},"end":{"line":35,"column":21}},{"start":{"line":35,"column":25},"end":{"line":35,"column":85}}],"line":35},"5":{"loc":{"start":{"line":67,"column":10},"end":{"line":67,"column":83}},"type":"binary-expr","locations":[{"start":{"line":67,"column":10},"end":{"line":67,"column":21}},{"start":{"line":67,"column":25},"end":{"line":67,"column":83}}],"line":67},"6":{"loc":{"start":{"line":90,"column":4},"end":{"line":96,"column":5}},"type":"if","locations":[{"start":{"line":90,"column":4},"end":{"line":96,"column":5}},{"start":{"line":90,"column":4},"end":{"line":96,"column":5}}],"line":90},"7":{"loc":{"start":{"line":128,"column":4},"end":{"line":136,"column":5}},"type":"if","locations":[{"start":{"line":128,"column":4},"end":{"line":136,"column":5}},{"start":{"line":128,"column":4},"end":{"line":136,"column":5}}],"line":128},"8":{"loc":{"start":{"line":172,"column":4},"end":{"line":180,"column":5}},"type":"if","locations":[{"start":{"line":172,"column":4},"end":{"line":180,"column":5}},{"start":{"line":172,"column":4},"end":{"line":180,"column":5}}],"line":172},"9":{"loc":{"start":{"line":220,"column":8},"end":{"line":220,"column":83}},"type":"binary-expr","locations":[{"start":{"line":220,"column":8},"end":{"line":220,"column":19}},{"start":{"line":220,"column":23},"end":{"line":220,"column":83}}],"line":220},"10":{"loc":{"start":{"line":254,"column":8},"end":{"line":254,"column":81}},"type":"binary-expr","locations":[{"start":{"line":254,"column":8},"end":{"line":254,"column":19}},{"start":{"line":254,"column":23},"end":{"line":254,"column":81}}],"line":254},"11":{"loc":{"start":{"line":279,"column":4},"end":{"line":286,"column":5}},"type":"if","locations":[{"start":{"line":279,"column":4},"end":{"line":286,"column":5}},{"start":{"line":279,"column":4},"end":{"line":286,"column":5}}],"line":279},"12":{"loc":{"start":{"line":291,"column":8},"end":{"line":291,"column":81}},"type":"binary-expr","locations":[{"start":{"line":291,"column":8},"end":{"line":291,"column":19}},{"start":{"line":291,"column":23},"end":{"line":291,"column":81}}],"line":291}},"s":{"0":5,"1":5,"2":5,"3":5,"4":5,"5":1,"6":1,"7":0,"8":0,"9":1,"10":1,"11":1,"12":0,"13":0,"14":5,"15":0,"16":0,"17":0,"18":0,"19":5,"20":0,"21":0,"22":0,"23":0,"24":0,"25":0,"26":5,"27":0,"28":0,"29":0,"30":0,"31":0,"32":0,"33":5,"34":0,"35":0,"36":0,"37":0,"38":0,"39":0,"40":5,"41":0,"42":0,"43":0,"44":5,"45":0,"46":0,"47":0,"48":0,"49":5,"50":1,"51":1,"52":1,"53":0,"54":1,"55":0},"f":{"0":1,"1":1,"2":0,"3":0,"4":0,"5":0,"6":0,"7":0,"8":0,"9":0,"10":0,"11":0,"12":0,"13":0,"14":0,"15":0,"16":0,"17":0,"18":0,"19":0,"20":0,"21":1,"22":1,"23":0},"b":{"0":[0,1],"1":[1,1,1],"2":[0,1],"3":[0,1],"4":[0,0],"5":[0,0],"6":[0,0],"7":[0,0],"8":[0,0],"9":[0,0],"10":[0,0],"11":[0,1],"12":[0,0]},"_coverageSchema":"1a1c01bbd47fc00a2c39e90264f33305004495a9","hash":"2c977f7db20bf2d0602cf6409ea56e314505e161"}
,"/Users/tinkitwong/Desktop/equitize-backend/db/controllers/general.controller.js": {"path":"/Users/tinkitwong/Desktop/equitize-backend/db/controllers/general.controller.js","statementMap":{"0":{"start":{"line":1,"column":23},"end":{"line":1,"column":61}},"1":{"start":{"line":2,"column":0},"end":{"line":17,"column":1}},"2":{"start":{"line":4,"column":8},"end":{"line":15,"column":9}},"3":{"start":{"line":5,"column":12},"end":{"line":5,"column":68}},"4":{"start":{"line":11,"column":25},"end":{"line":11,"column":54}},"5":{"start":{"line":12,"column":12},"end":{"line":12,"column":26}},"6":{"start":{"line":14,"column":12},"end":{"line":14,"column":23}}},"fnMap":{"0":{"name":"(anonymous_0)","decl":{"start":{"line":3,"column":18},"end":{"line":3,"column":19}},"loc":{"start":{"line":3,"column":44},"end":{"line":16,"column":5}},"line":3}},"branchMap":{},"s":{"0":5,"1":5,"2":0,"3":0,"4":0,"5":0,"6":0},"f":{"0":0},"b":{},"_coverageSchema":"1a1c01bbd47fc00a2c39e90264f33305004495a9","hash":"69724f366fd503abd6002b68325dc815da23ea44"}
,"/Users/tinkitwong/Desktop/equitize-backend/db/controllers/industry.controller.js": {"path":"/Users/tinkitwong/Desktop/equitize-backend/db/controllers/industry.controller.js","statementMap":{"0":{"start":{"line":1,"column":24},"end":{"line":1,"column":63}},"1":{"start":{"line":3,"column":0},"end":{"line":20,"column":1}},"2":{"start":{"line":4,"column":4},"end":{"line":19,"column":5}},"3":{"start":{"line":5,"column":19},"end":{"line":5,"column":30}},"4":{"start":{"line":6,"column":30},"end":{"line":6,"column":52}},"5":{"start":{"line":7,"column":28},"end":{"line":7,"column":78}},"6":{"start":{"line":8,"column":8},"end":{"line":13,"column":9}},"7":{"start":{"line":9,"column":12},"end":{"line":12,"column":17}},"8":{"start":{"line":15,"column":27},"end":{"line":15,"column":97}},"9":{"start":{"line":16,"column":8},"end":{"line":16,"column":28}},"10":{"start":{"line":18,"column":8},"end":{"line":18,"column":17}},"11":{"start":{"line":23,"column":0},"end":{"line":43,"column":1}},"12":{"start":{"line":25,"column":29},"end":{"line":25,"column":42}},"13":{"start":{"line":26,"column":4},"end":{"line":42,"column":3}},"14":{"start":{"line":27,"column":17},"end":{"line":27,"column":37}},"15":{"start":{"line":28,"column":30},"end":{"line":28,"column":48}},"16":{"start":{"line":30,"column":21},"end":{"line":39,"column":8}},"17":{"start":{"line":32,"column":8},"end":{"line":32,"column":38}},"18":{"start":{"line":35,"column":8},"end":{"line":35,"column":15}},"19":{"start":{"line":38,"column":8},"end":{"line":38,"column":17}},"20":{"start":{"line":41,"column":6},"end":{"line":41,"column":18}},"21":{"start":{"line":46,"column":0},"end":{"line":66,"column":3}},"22":{"start":{"line":47,"column":4},"end":{"line":47,"column":56}},"23":{"start":{"line":48,"column":27},"end":{"line":48,"column":50}},"24":{"start":{"line":49,"column":29},"end":{"line":49,"column":42}},"25":{"start":{"line":50,"column":4},"end":{"line":64,"column":5}},"26":{"start":{"line":51,"column":21},"end":{"line":51,"column":66}},"27":{"start":{"line":52,"column":6},"end":{"line":58,"column":7}},"28":{"start":{"line":53,"column":8},"end":{"line":53,"column":24}},"29":{"start":{"line":55,"column":8},"end":{"line":57,"column":11}},"30":{"start":{"line":61,"column":8},"end":{"line":61,"column":28}},"31":{"start":{"line":62,"column":8},"end":{"line":62,"column":26}},"32":{"start":{"line":63,"column":8},"end":{"line":63,"column":20}}},"fnMap":{"0":{"name":"(anonymous_0)","decl":{"start":{"line":3,"column":17},"end":{"line":3,"column":18}},"loc":{"start":{"line":3,"column":43},"end":{"line":20,"column":1}},"line":3},"1":{"name":"(anonymous_1)","decl":{"start":{"line":23,"column":28},"end":{"line":23,"column":29}},"loc":{"start":{"line":23,"column":48},"end":{"line":43,"column":1}},"line":23},"2":{"name":"(anonymous_2)","decl":{"start":{"line":31,"column":12},"end":{"line":31,"column":13}},"loc":{"start":{"line":31,"column":20},"end":{"line":36,"column":7}},"line":31},"3":{"name":"(anonymous_3)","decl":{"start":{"line":37,"column":13},"end":{"line":37,"column":14}},"loc":{"start":{"line":37,"column":20},"end":{"line":39,"column":7}},"line":37},"4":{"name":"(anonymous_4)","decl":{"start":{"line":46,"column":24},"end":{"line":46,"column":25}},"loc":{"start":{"line":46,"column":44},"end":{"line":66,"column":3}},"line":46}},"branchMap":{"0":{"loc":{"start":{"line":7,"column":28},"end":{"line":7,"column":78}},"type":"cond-expr","locations":[{"start":{"line":7,"column":51},"end":{"line":7,"column":71}},{"start":{"line":7,"column":74},"end":{"line":7,"column":78}}],"line":7},"1":{"loc":{"start":{"line":8,"column":8},"end":{"line":13,"column":9}},"type":"if","locations":[{"start":{"line":8,"column":8},"end":{"line":13,"column":9}},{"start":{"line":8,"column":8},"end":{"line":13,"column":9}}],"line":8},"2":{"loc":{"start":{"line":52,"column":6},"end":{"line":58,"column":7}},"type":"if","locations":[{"start":{"line":52,"column":6},"end":{"line":58,"column":7}},{"start":{"line":52,"column":6},"end":{"line":58,"column":7}}],"line":52}},"s":{"0":5,"1":5,"2":109,"3":109,"4":109,"5":109,"6":109,"7":0,"8":109,"9":109,"10":0,"11":5,"12":2,"13":2,"14":2,"15":2,"16":2,"17":2,"18":2,"19":0,"20":0,"21":5,"22":1,"23":1,"24":1,"25":1,"26":1,"27":1,"28":1,"29":0,"30":0,"31":0,"32":0},"f":{"0":109,"1":2,"2":2,"3":0,"4":1},"b":{"0":[109,0],"1":[0,109],"2":[1,0]},"_coverageSchema":"1a1c01bbd47fc00a2c39e90264f33305004495a9","hash":"f712612c480bff8dbb325cc992af687b3acf1bbe"}
,"/Users/tinkitwong/Desktop/equitize-backend/db/controllers/junctionTable.controller.js": {"path":"/Users/tinkitwong/Desktop/equitize-backend/db/controllers/junctionTable.controller.js","statementMap":{"0":{"start":{"line":4,"column":29},"end":{"line":4,"column":73}},"1":{"start":{"line":7,"column":0},"end":{"line":48,"column":2}},"2":{"start":{"line":9,"column":2},"end":{"line":14,"column":3}},"3":{"start":{"line":10,"column":4},"end":{"line":12,"column":7}},"4":{"start":{"line":13,"column":4},"end":{"line":13,"column":11}},"5":{"start":{"line":19,"column":24},"end":{"line":23,"column":3}},"6":{"start":{"line":26,"column":2},"end":{"line":35,"column":5}},"7":{"start":{"line":28,"column":4},"end":{"line":28,"column":19}},"8":{"start":{"line":31,"column":4},"end":{"line":34,"column":7}},"9":{"start":{"line":51,"column":0},"end":{"line":75,"column":2}},"10":{"start":{"line":52,"column":24},"end":{"line":52,"column":45}},"11":{"start":{"line":55,"column":4},"end":{"line":64,"column":7}},"12":{"start":{"line":57,"column":6},"end":{"line":57,"column":21}},"13":{"start":{"line":60,"column":6},"end":{"line":63,"column":9}},"14":{"start":{"line":78,"column":0},"end":{"line":111,"column":2}},"15":{"start":{"line":79,"column":15},"end":{"line":79,"column":28}},"16":{"start":{"line":81,"column":4},"end":{"line":95,"column":7}},"17":{"start":{"line":83,"column":6},"end":{"line":89,"column":7}},"18":{"start":{"line":84,"column":8},"end":{"line":86,"column":11}},"19":{"start":{"line":88,"column":8},"end":{"line":88,"column":23}},"20":{"start":{"line":92,"column":6},"end":{"line":94,"column":9}},"21":{"start":{"line":114,"column":0},"end":{"line":155,"column":2}},"22":{"start":{"line":115,"column":13},"end":{"line":115,"column":26}},"23":{"start":{"line":118,"column":2},"end":{"line":134,"column":5}},"24":{"start":{"line":120,"column":4},"end":{"line":128,"column":5}},"25":{"start":{"line":121,"column":6},"end":{"line":123,"column":9}},"26":{"start":{"line":125,"column":6},"end":{"line":127,"column":9}},"27":{"start":{"line":131,"column":4},"end":{"line":133,"column":7}},"28":{"start":{"line":158,"column":0},"end":{"line":197,"column":2}},"29":{"start":{"line":159,"column":13},"end":{"line":159,"column":26}},"30":{"start":{"line":161,"column":2},"end":{"line":177,"column":5}},"31":{"start":{"line":163,"column":4},"end":{"line":171,"column":5}},"32":{"start":{"line":164,"column":6},"end":{"line":166,"column":9}},"33":{"start":{"line":168,"column":6},"end":{"line":170,"column":9}},"34":{"start":{"line":174,"column":4},"end":{"line":176,"column":7}},"35":{"start":{"line":200,"column":0},"end":{"line":225,"column":2}},"36":{"start":{"line":202,"column":2},"end":{"line":211,"column":5}},"37":{"start":{"line":204,"column":4},"end":{"line":204,"column":78}},"38":{"start":{"line":207,"column":4},"end":{"line":210,"column":7}},"39":{"start":{"line":231,"column":0},"end":{"line":258,"column":2}},"40":{"start":{"line":232,"column":23},"end":{"line":232,"column":45}},"41":{"start":{"line":238,"column":2},"end":{"line":247,"column":5}},"42":{"start":{"line":240,"column":4},"end":{"line":240,"column":19}},"43":{"start":{"line":243,"column":4},"end":{"line":246,"column":7}},"44":{"start":{"line":261,"column":0},"end":{"line":290,"column":2}},"45":{"start":{"line":262,"column":30},"end":{"line":262,"column":60}},"46":{"start":{"line":267,"column":2},"end":{"line":276,"column":5}},"47":{"start":{"line":269,"column":4},"end":{"line":269,"column":19}},"48":{"start":{"line":272,"column":4},"end":{"line":275,"column":7}}},"fnMap":{"0":{"name":"(anonymous_0)","decl":{"start":{"line":7,"column":17},"end":{"line":7,"column":18}},"loc":{"start":{"line":7,"column":31},"end":{"line":48,"column":1}},"line":7},"1":{"name":"(anonymous_1)","decl":{"start":{"line":27,"column":8},"end":{"line":27,"column":9}},"loc":{"start":{"line":27,"column":16},"end":{"line":29,"column":3}},"line":27},"2":{"name":"(anonymous_2)","decl":{"start":{"line":30,"column":9},"end":{"line":30,"column":10}},"loc":{"start":{"line":30,"column":16},"end":{"line":35,"column":3}},"line":30},"3":{"name":"(anonymous_3)","decl":{"start":{"line":51,"column":18},"end":{"line":51,"column":19}},"loc":{"start":{"line":51,"column":32},"end":{"line":75,"column":1}},"line":51},"4":{"name":"(anonymous_4)","decl":{"start":{"line":56,"column":10},"end":{"line":56,"column":11}},"loc":{"start":{"line":56,"column":18},"end":{"line":58,"column":5}},"line":56},"5":{"name":"(anonymous_5)","decl":{"start":{"line":59,"column":11},"end":{"line":59,"column":12}},"loc":{"start":{"line":59,"column":18},"end":{"line":64,"column":5}},"line":59},"6":{"name":"(anonymous_6)","decl":{"start":{"line":78,"column":18},"end":{"line":78,"column":19}},"loc":{"start":{"line":78,"column":32},"end":{"line":111,"column":1}},"line":78},"7":{"name":"(anonymous_7)","decl":{"start":{"line":82,"column":10},"end":{"line":82,"column":11}},"loc":{"start":{"line":82,"column":18},"end":{"line":90,"column":5}},"line":82},"8":{"name":"(anonymous_8)","decl":{"start":{"line":91,"column":11},"end":{"line":91,"column":12}},"loc":{"start":{"line":91,"column":18},"end":{"line":95,"column":5}},"line":91},"9":{"name":"(anonymous_9)","decl":{"start":{"line":114,"column":17},"end":{"line":114,"column":18}},"loc":{"start":{"line":114,"column":31},"end":{"line":155,"column":1}},"line":114},"10":{"name":"(anonymous_10)","decl":{"start":{"line":119,"column":8},"end":{"line":119,"column":9}},"loc":{"start":{"line":119,"column":15},"end":{"line":129,"column":3}},"line":119},"11":{"name":"(anonymous_11)","decl":{"start":{"line":130,"column":9},"end":{"line":130,"column":10}},"loc":{"start":{"line":130,"column":16},"end":{"line":134,"column":3}},"line":130},"12":{"name":"(anonymous_12)","decl":{"start":{"line":158,"column":17},"end":{"line":158,"column":18}},"loc":{"start":{"line":158,"column":31},"end":{"line":197,"column":1}},"line":158},"13":{"name":"(anonymous_13)","decl":{"start":{"line":162,"column":8},"end":{"line":162,"column":9}},"loc":{"start":{"line":162,"column":15},"end":{"line":172,"column":3}},"line":162},"14":{"name":"(anonymous_14)","decl":{"start":{"line":173,"column":9},"end":{"line":173,"column":10}},"loc":{"start":{"line":173,"column":16},"end":{"line":177,"column":3}},"line":173},"15":{"name":"(anonymous_15)","decl":{"start":{"line":200,"column":20},"end":{"line":200,"column":21}},"loc":{"start":{"line":200,"column":34},"end":{"line":225,"column":1}},"line":200},"16":{"name":"(anonymous_16)","decl":{"start":{"line":203,"column":8},"end":{"line":203,"column":9}},"loc":{"start":{"line":203,"column":16},"end":{"line":205,"column":3}},"line":203},"17":{"name":"(anonymous_17)","decl":{"start":{"line":206,"column":9},"end":{"line":206,"column":10}},"loc":{"start":{"line":206,"column":16},"end":{"line":211,"column":3}},"line":206},"18":{"name":"(anonymous_18)","decl":{"start":{"line":231,"column":29},"end":{"line":231,"column":30}},"loc":{"start":{"line":231,"column":43},"end":{"line":258,"column":1}},"line":231},"19":{"name":"(anonymous_19)","decl":{"start":{"line":239,"column":8},"end":{"line":239,"column":9}},"loc":{"start":{"line":239,"column":16},"end":{"line":241,"column":3}},"line":239},"20":{"name":"(anonymous_20)","decl":{"start":{"line":242,"column":9},"end":{"line":242,"column":10}},"loc":{"start":{"line":242,"column":16},"end":{"line":247,"column":3}},"line":242},"21":{"name":"(anonymous_21)","decl":{"start":{"line":261,"column":32},"end":{"line":261,"column":33}},"loc":{"start":{"line":261,"column":46},"end":{"line":290,"column":1}},"line":261},"22":{"name":"(anonymous_22)","decl":{"start":{"line":268,"column":8},"end":{"line":268,"column":9}},"loc":{"start":{"line":268,"column":16},"end":{"line":270,"column":3}},"line":268},"23":{"name":"(anonymous_23)","decl":{"start":{"line":271,"column":9},"end":{"line":271,"column":10}},"loc":{"start":{"line":271,"column":16},"end":{"line":276,"column":3}},"line":271}},"branchMap":{"0":{"loc":{"start":{"line":9,"column":2},"end":{"line":14,"column":3}},"type":"if","locations":[{"start":{"line":9,"column":2},"end":{"line":14,"column":3}},{"start":{"line":9,"column":2},"end":{"line":14,"column":3}}],"line":9},"1":{"loc":{"start":{"line":9,"column":6},"end":{"line":9,"column":75}},"type":"binary-expr","locations":[{"start":{"line":9,"column":6},"end":{"line":9,"column":32}},{"start":{"line":9,"column":36},"end":{"line":9,"column":55}},{"start":{"line":9,"column":59},"end":{"line":9,"column":75}}],"line":9},"2":{"loc":{"start":{"line":33,"column":8},"end":{"line":33,"column":78}},"type":"binary-expr","locations":[{"start":{"line":33,"column":8},"end":{"line":33,"column":19}},{"start":{"line":33,"column":23},"end":{"line":33,"column":78}}],"line":33},"3":{"loc":{"start":{"line":62,"column":10},"end":{"line":62,"column":78}},"type":"binary-expr","locations":[{"start":{"line":62,"column":10},"end":{"line":62,"column":21}},{"start":{"line":62,"column":25},"end":{"line":62,"column":78}}],"line":62},"4":{"loc":{"start":{"line":83,"column":6},"end":{"line":89,"column":7}},"type":"if","locations":[{"start":{"line":83,"column":6},"end":{"line":89,"column":7}},{"start":{"line":83,"column":6},"end":{"line":89,"column":7}}],"line":83},"5":{"loc":{"start":{"line":120,"column":4},"end":{"line":128,"column":5}},"type":"if","locations":[{"start":{"line":120,"column":4},"end":{"line":128,"column":5}},{"start":{"line":120,"column":4},"end":{"line":128,"column":5}}],"line":120},"6":{"loc":{"start":{"line":163,"column":4},"end":{"line":171,"column":5}},"type":"if","locations":[{"start":{"line":163,"column":4},"end":{"line":171,"column":5}},{"start":{"line":163,"column":4},"end":{"line":171,"column":5}}],"line":163},"7":{"loc":{"start":{"line":209,"column":8},"end":{"line":209,"column":78}},"type":"binary-expr","locations":[{"start":{"line":209,"column":8},"end":{"line":209,"column":19}},{"start":{"line":209,"column":23},"end":{"line":209,"column":78}}],"line":209},"8":{"loc":{"start":{"line":245,"column":8},"end":{"line":245,"column":76}},"type":"binary-expr","locations":[{"start":{"line":245,"column":8},"end":{"line":245,"column":19}},{"start":{"line":245,"column":23},"end":{"line":245,"column":76}}],"line":245},"9":{"loc":{"start":{"line":274,"column":8},"end":{"line":274,"column":76}},"type":"binary-expr","locations":[{"start":{"line":274,"column":8},"end":{"line":274,"column":19}},{"start":{"line":274,"column":23},"end":{"line":274,"column":76}}],"line":274}},"s":{"0":5,"1":5,"2":1,"3":0,"4":0,"5":1,"6":1,"7":1,"8":0,"9":5,"10":1,"11":1,"12":1,"13":0,"14":5,"15":1,"16":1,"17":1,"18":0,"19":1,"20":0,"21":5,"22":1,"23":1,"24":1,"25":1,"26":0,"27":0,"28":5,"29":3,"30":3,"31":3,"32":1,"33":2,"34":0,"35":5,"36":1,"37":1,"38":0,"39":5,"40":0,"41":0,"42":0,"43":0,"44":5,"45":1,"46":1,"47":0,"48":1},"f":{"0":1,"1":1,"2":0,"3":1,"4":1,"5":0,"6":1,"7":1,"8":0,"9":1,"10":1,"11":0,"12":3,"13":3,"14":0,"15":1,"16":1,"17":0,"18":0,"19":0,"20":0,"21":1,"22":0,"23":1},"b":{"0":[0,1],"1":[1,1,1],"2":[0,0],"3":[0,0],"4":[0,1],"5":[1,0],"6":[1,2],"7":[0,0],"8":[0,0],"9":[1,0]},"_coverageSchema":"1a1c01bbd47fc00a2c39e90264f33305004495a9","hash":"39e8ee7d28053e7742ca09a49d7d0e6066271906"}
,"/Users/tinkitwong/Desktop/equitize-backend/db/controllers/milestonePart.controller.js": {"path":"/Users/tinkitwong/Desktop/equitize-backend/db/controllers/milestonePart.controller.js","statementMap":{"0":{"start":{"line":1,"column":29},"end":{"line":1,"column":73}},"1":{"start":{"line":3,"column":0},"end":{"line":17,"column":1}},"2":{"start":{"line":4,"column":2},"end":{"line":16,"column":3}},"3":{"start":{"line":5,"column":22},"end":{"line":5,"column":40}},"4":{"start":{"line":6,"column":26},"end":{"line":12,"column":6}},"5":{"start":{"line":13,"column":4},"end":{"line":13,"column":27}},"6":{"start":{"line":15,"column":6},"end":{"line":15,"column":22}},"7":{"start":{"line":20,"column":0},"end":{"line":41,"column":1}},"8":{"start":{"line":21,"column":20},"end":{"line":21,"column":40}},"9":{"start":{"line":22,"column":24},"end":{"line":22,"column":37}},"10":{"start":{"line":24,"column":2},"end":{"line":40,"column":5}},"11":{"start":{"line":26,"column":4},"end":{"line":34,"column":5}},"12":{"start":{"line":27,"column":6},"end":{"line":29,"column":9}},"13":{"start":{"line":31,"column":6},"end":{"line":33,"column":9}},"14":{"start":{"line":37,"column":4},"end":{"line":39,"column":7}},"15":{"start":{"line":44,"column":0},"end":{"line":61,"column":1}},"16":{"start":{"line":45,"column":18},"end":{"line":45,"column":34}},"17":{"start":{"line":46,"column":20},"end":{"line":46,"column":40}},"18":{"start":{"line":47,"column":2},"end":{"line":59,"column":3}},"19":{"start":{"line":48,"column":19},"end":{"line":48,"column":48}},"20":{"start":{"line":49,"column":4},"end":{"line":55,"column":5}},"21":{"start":{"line":50,"column":6},"end":{"line":50,"column":22}},"22":{"start":{"line":52,"column":6},"end":{"line":54,"column":9}},"23":{"start":{"line":58,"column":6},"end":{"line":58,"column":18}},"24":{"start":{"line":63,"column":0},"end":{"line":81,"column":1}},"25":{"start":{"line":64,"column":20},"end":{"line":64,"column":40}},"26":{"start":{"line":65,"column":2},"end":{"line":79,"column":1}},"27":{"start":{"line":66,"column":15},"end":{"line":66,"column":35}},"28":{"start":{"line":67,"column":20},"end":{"line":67,"column":31}},"29":{"start":{"line":69,"column":19},"end":{"line":76,"column":6}},"30":{"start":{"line":71,"column":6},"end":{"line":71,"column":29}},"31":{"start":{"line":72,"column":6},"end":{"line":72,"column":13}},"32":{"start":{"line":75,"column":6},"end":{"line":75,"column":15}},"33":{"start":{"line":78,"column":4},"end":{"line":78,"column":16}},"34":{"start":{"line":84,"column":0},"end":{"line":105,"column":1}},"35":{"start":{"line":85,"column":20},"end":{"line":85,"column":38}},"36":{"start":{"line":87,"column":2},"end":{"line":104,"column":5}},"37":{"start":{"line":89,"column":4},"end":{"line":89,"column":20}},"38":{"start":{"line":90,"column":4},"end":{"line":98,"column":5}},"39":{"start":{"line":91,"column":6},"end":{"line":93,"column":9}},"40":{"start":{"line":95,"column":6},"end":{"line":97,"column":9}},"41":{"start":{"line":101,"column":4},"end":{"line":103,"column":7}}},"fnMap":{"0":{"name":"(anonymous_0)","decl":{"start":{"line":3,"column":17},"end":{"line":3,"column":18}},"loc":{"start":{"line":3,"column":37},"end":{"line":17,"column":1}},"line":3},"1":{"name":"(anonymous_1)","decl":{"start":{"line":20,"column":21},"end":{"line":20,"column":22}},"loc":{"start":{"line":20,"column":35},"end":{"line":41,"column":1}},"line":20},"2":{"name":"(anonymous_2)","decl":{"start":{"line":25,"column":8},"end":{"line":25,"column":9}},"loc":{"start":{"line":25,"column":15},"end":{"line":35,"column":3}},"line":25},"3":{"name":"(anonymous_3)","decl":{"start":{"line":36,"column":9},"end":{"line":36,"column":10}},"loc":{"start":{"line":36,"column":16},"end":{"line":40,"column":3}},"line":36},"4":{"name":"(anonymous_4)","decl":{"start":{"line":44,"column":23},"end":{"line":44,"column":24}},"loc":{"start":{"line":44,"column":43},"end":{"line":61,"column":1}},"line":44},"5":{"name":"(anonymous_5)","decl":{"start":{"line":63,"column":21},"end":{"line":63,"column":22}},"loc":{"start":{"line":63,"column":41},"end":{"line":81,"column":1}},"line":63},"6":{"name":"(anonymous_6)","decl":{"start":{"line":70,"column":10},"end":{"line":70,"column":11}},"loc":{"start":{"line":70,"column":18},"end":{"line":73,"column":5}},"
[...]
,"/Users/tinkitwong/Desktop/equitize-backend/db/services/retailInvestor.service.js": {"path":"/Users/tinkitwong/Desktop/equitize-backend/db/services/retailInvestor.service.js","statementMap":{"0":{"start":{"line":1,"column":11},"end":{"line":1,"column":31}},"1":{"start":{"line":2,"column":24},"end":{"line":2,"column":42}},"2":{"start":{"line":3,"column":11},"end":{"line":3,"column":26}},"3":{"start":{"line":5,"column":0},"end":{"line":113,"column":1}},"4":{"start":{"line":7,"column":8},"end":{"line":18,"column":9}},"5":{"start":{"line":8,"column":27},"end":{"line":14,"column":14}},"6":{"start":{"line":10,"column":16},"end":{"line":10,"column":27}},"7":{"start":{"line":13,"column":16},"end":{"line":13,"column":25}},"8":{"start":{"line":15,"column":12},"end":{"line":15,"column":25}},"9":{"start":{"line":17,"column":12},"end":{"line":17,"column":26}},"10":{"start":{"line":21,"column":8},"end":{"line":33,"column":9}},"11":{"start":{"line":22,"column":28},"end":{"line":22,"column":102}},"12":{"start":{"line":23,"column":27},"end":{"line":29,"column":14}},"13":{"start":{"line":25,"column":16},"end":{"line":25,"column":27}},"14":{"start":{"line":28,"column":16},"end":{"line":28,"column":25}},"15":{"start":{"line":30,"column":12},"end":{"line":30,"column":25}},"16":{"start":{"line":32,"column":12},"end":{"line":32,"column":24}},"17":{"start":{"line":36,"column":8},"end":{"line":47,"column":9}},"18":{"start":{"line":37,"column":27},"end":{"line":43,"column":14}},"19":{"start":{"line":39,"column":16},"end":{"line":39,"column":27}},"20":{"start":{"line":42,"column":16},"end":{"line":42,"column":25}},"21":{"start":{"line":44,"column":12},"end":{"line":44,"column":25}},"22":{"start":{"line":46,"column":12},"end":{"line":46,"column":24}},"23":{"start":{"line":50,"column":8},"end":{"line":63,"column":9}},"24":{"start":{"line":51,"column":27},"end":{"line":59,"column":14}},"25":{"start":{"line":55,"column":16},"end":{"line":55,"column":27}},"26":{"start":{"line":58,"column":16},"end":{"line":58,"column":25}},"27":{"start":{"line":60,"column":12},"end":{"line":60,"column":25}},"28":{"start":{"line":62,"column":12},"end":{"line":62,"column":24}},"29":{"start":{"line":66,"column":8},"end":{"line":79,"column":9}},"30":{"start":{"line":67,"column":27},"end":{"line":75,"column":14}},"31":{"start":{"line":71,"column":16},"end":{"line":71,"column":27}},"32":{"start":{"line":74,"column":16},"end":{"line":74,"column":25}},"33":{"start":{"line":76,"column":12},"end":{"line":76,"column":25}},"34":{"start":{"line":78,"column":12},"end":{"line":78,"column":24}},"35":{"start":{"line":82,"column":8},"end":{"line":96,"column":9}},"36":{"start":{"line":83,"column":27},"end":{"line":92,"column":14}},"37":{"start":{"line":88,"column":16},"end":{"line":88,"column":27}},"38":{"start":{"line":91,"column":16},"end":{"line":91,"column":25}},"39":{"start":{"line":93,"column":12},"end":{"line":93,"column":25}},"40":{"start":{"line":95,"column":12},"end":{"line":95,"column":24}},"41":{"start":{"line":99,"column":8},"end":{"line":111,"column":9}},"42":{"start":{"line":100,"column":28},"end":{"line":100,"column":100}},"43":{"start":{"line":101,"column":27},"end":{"line":107,"column":14}},"44":{"start":{"line":103,"column":16},"end":{"line":103,"column":27}},"45":{"start":{"line":106,"column":16},"end":{"line":106,"column":25}},"46":{"start":{"line":108,"column":12},"end":{"line":108,"column":25}},"47":{"start":{"line":110,"column":12},"end":{"line":110,"column":24}}},"fnMap":{"0":{"name":"(anonymous_0)","decl":{"start":{"line":6,"column":13},"end":{"line":6,"column":14}},"loc":{"start":{"line":6,"column":39},"end":{"line":19,"column":5}},"line":6},"1":{"name":"(anonymous_1)","decl":{"start":{"line":9,"column":18},"end":{"line":9,"column":19}},"loc":{"start":{"line":9,"column":26},"end":{"line":11,"column":13}},"line":9},"2":{"name":"(anonymous_2)","decl":{"start":{"line":12,"column":19},"end":{"line":12,"column":20}},"loc":{"start":{"line":12,"column":26},"end":{"line":14,"column":13}},"line":12},"3":{"name":"(anonymous_3)","decl":{"start":{"line":20,"column":14},"end":{"line":20,"column":15}},"loc":{"start":{"line":20,"column":38},"end":{"line":34,"column":5}},"line":20},"4":{"name":"(anonymous_4)","decl":{"start":{"line":24,"column":18},"end":{"line":24,"column":19}},"loc":{"start":{"line":24,"column":26},"end":{"line":26,"column":13}},"line":24},"5":{"name":"(anonymous_5)","decl":{"start":{"line":27,"column":19},"end":{"line":27,"column":20}},"loc":{"start":{"line":27,"column":26},"end":{"line":29,"column":13}},"line":27},"6":{"name":"(anonymous_6)","decl":{"start":{"line":35,"column":14},"end":{"line":35,"column":15}},"loc":{"start":{"line":35,"column":28},"end":{"line":48,"column":5}},"line":35},"7":{"name":"(anonymous_7)","decl":{"start":{"line":38,"column":18},"end":{"line":38,"column":19}},"loc":{"start":{"line":38,"column":26},"end":{"line":40,"column":13}},"line":38},"8":{"name":"(anonymous_8)","decl":{"start":{"line":41,"column":19},"end":{"line":41,"column":20}},"loc":{"start":{"line":41,"column":26},"end":{"line":43,"column":13}},"line":41},"9":{"name":"(anonymous_9)","decl":{"start":{"line":49,"column":13},"end":{"line":49,"column":14}},"loc":{"start":{"line":49,"column":36},"end":{"line":64,"column":5}},"line":49},"10":{"name":"(anonymous_10)","decl":{"start":{"line":54,"column":18},"end":{"line":54,"column":19}},"loc":{"start":{"line":54,"column":26},"end":{"line":56,"column":13}},"line":54},"11":{"name":"(anonymous_11)","decl":{"start":{"line":57,"column":19},"end":{"line":57,"column":20}},"loc":{"start":{"line":57,"column":26},"end":{"line":59,"column":13}},"line":57},"12":{"name":"(anonymous_12)","decl":{"start":{"line":65,"column":13},"end":{"line":65,"column":14}},"loc":{"start":{"line":65,"column":27},"end":{"line":80,"column":5}},"line":65},"13":{"name":"(anonymous_13)","decl":{"start":{"line":70,"column":18},"end":{"line":70,"column":19}},"loc":{"start":{"line":70,"column":26},"end":{"line":72,"column":13}},"line":70},"14":{"name":"(anonymous_14)","decl":{"start":{"line":73,"column":19},"end":{"line":73,"column":20}},"loc":{"start":{"line":73,"column":26},"end":{"line":75,"column":13}},"line":73},"15":{"name":"(anonymous_15)","decl":{"start":{"line":81,"column":16},"end":{"line":81,"column":17}},"loc":{"start":{"line":81,"column":28},"end":{"line":97,"column":5}},"line":81},"16":{"name":"(anonymous_16)","decl":{"start":{"line":87,"column":18},"end":{"line":87,"column":19}},"loc":{"start":{"line":87,"column":26},"end":{"line":89,"column":13}},"line":87},"17":{"name":"(anonymous_17)","decl":{"start":{"line":90,"column":19},"end":{"line":90,"column":20}},"loc":{"start":{"line":90,"column":26},"end":{"line":92,"column":13}},"line":90},"18":{"name":"(anonymous_18)","decl":{"start":{"line":98,"column":19},"end":{"line":98,"column":20}},"loc":{"start":{"line":98,"column":42},"end":{"line":112,"column":5}},"line":98},"19":{"name":"(anonymous_19)","decl":{"start":{"line":102,"column":18},"end":{"line":102,"column":19}},"loc":{"start":{"line":102,"column":26},"end":{"line":104,"column":13}},"line":102},"20":{"name":"(anonymous_20)","decl":{"start":{"line":105,"column":19},"end":{"line":105,"column":20}},"loc":{"start":{"line":105,"column":26},"end":{"line":107,"column":13}},"line":105}},"branchMap":{"0":{"loc":{"start":{"line":22,"column":28},"end":{"line":22,"column":102}},"type":"cond-expr","locations":[{"start":{"line":22,"column":43},"end":{"line":22,"column":95}},{"start":{"line":22,"column":98},"end":{"line":22,"column":102}}],"line":22},"1":{"loc":{"start":{"line":100,"column":28},"end":{"line":100,"column":100}},"type":"cond-expr","locations":[{"start":{"line":100,"column":43},"end":{"line":100,"column":93}},{"start":{"line":100,"column":96},"end":{"line":100,"column":100}}],"line":100}},"s":{"0":5,"1":5,"2":5,"3":5,"4":6,"5":6,"6":5,"7":1,"8":6,"9":0,"10":1,"11":1,"12":1,"13":1,"14":0,"15":1,"16":0,"17":2,"18":2,"19":2,"20":0,"21":2,"22":0,"23":3,"24":3,"25":2,"26":1,"27":3,"28":0,"29":3,"30":3,"31":3,"32":0,"33":3,"34":0,"35":1,"36":1,"37":1,"38":0,"39":1,"40":0,"41":2,"42":2,"43":2,"44":2,"45":0,"46":2,"47":0},"f":{"0":6,"1":5,"2":1,"3":1,"4":1,"5":0,"6":2,"7":2,"8":0,"9":3,"10":2,"11":1,"12":3,"13":3,"14":0,"15":1,"16":1,"17":0,"18":2,"19":2,"20":0},"b":{"0":[0,1],"1":[0,2]},"_coverageSchema":"1a1c01bbd47fc00a2c39e90264f33305004495a9","hash":"b365e5549d63aa73f05bf0619ae91e4a83632ba2"}
,"/Users/tinkitwong/Desktop/equitize-backend/db/services/startup.service.js": {"path":"/Users/tinkitwong/Desktop/equitize-backend/db/services/startup.service.js","statementMap":{"0":{"start":{"line":1,"column":11},"end":{"line":1,"column":31}},"1":{"start":{"line":2,"column":16},"end":{"line":2,"column":27}},"2":{"start":{"line":3,"column":11},"end":{"line":3,"column":26}},"3":{"start":{"line":5,"column":0},"end":{"line":131,"column":1}},"4":{"start":{"line":7,"column":8},"end":{"line":19,"column":9}},"5":{"start":{"line":8,"column":27},"end":{"line":14,"column":14}},"6":{"start":{"line":10,"column":16},"end":{"line":10,"column":27}},"7":{"start":{"line":13,"column":16},"end":{"line":13,"column":25}},"8":{"start":{"line":15,"column":12},"end":{"line":15,"column":25}},"9":{"start":{"line":18,"column":12},"end":{"line":18,"column":26}},"10":{"start":{"line":22,"column":8},"end":{"line":35,"column":9}},"11":{"start":{"line":23,"column":28},"end":{"line":23,"column":99}},"12":{"start":{"line":25,"column":27},"end":{"line":31,"column":14}},"13":{"start":{"line":27,"column":16},"end":{"line":27,"column":27}},"14":{"start":{"line":30,"column":16},"end":{"line":30,"column":25}},"15":{"start":{"line":32,"column":12},"end":{"line":32,"column":25}},"16":{"start":{"line":34,"column":12},"end":{"line":34,"column":24}},"17":{"start":{"line":38,"column":8},"end":{"line":49,"column":9}},"18":{"start":{"line":39,"column":27},"end":{"line":45,"column":14}},"19":{"start":{"line":41,"column":16},"end":{"line":41,"column":27}},"20":{"start":{"line":44,"column":16},"end":{"line":44,"column":25}},"21":{"start":{"line":46,"column":12},"end":{"line":46,"column":25}},"22":{"start":{"line":48,"column":12},"end":{"line":48,"column":24}},"23":{"start":{"line":52,"column":8},"end":{"line":66,"column":9}},"24":{"start":{"line":53,"column":12},"end":{"line":53,"column":43}},"25":{"start":{"line":54,"column":27},"end":{"line":62,"column":14}},"26":{"start":{"line":58,"column":16},"end":{"line":58,"column":27}},"27":{"start":{"line":61,"column":16},"end":{"line":61,"column":25}},"28":{"start":{"line":63,"column":12},"end":{"line":63,"column":25}},"29":{"start":{"line":65,"column":12},"end":{"line":65,"column":24}},"30":{"start":{"line":69,"column":8},"end":{"line":80,"column":9}},"31":{"start":{"line":70,"column":27},"end":{"line":76,"column":14}},"32":{"start":{"line":72,"column":16},"end":{"line":72,"column":27}},"33":{"start":{"line":75,"column":16},"end":{"line":75,"column":25}},"34":{"start":{"line":77,"column":12},"end":{"line":77,"column":25}},"35":{"start":{"line":79,"column":12},"end":{"line":79,"column":24}},"36":{"start":{"line":83,"column":8},"end":{"line":97,"column":9}},"37":{"start":{"line":84,"column":27},"end":{"line":93,"column":14}},"38":{"start":{"line":89,"column":16},"end":{"line":89,"column":27}},"39":{"start":{"line":92,"column":16},"end":{"line":92,"column":25}},"40":{"start":{"line":94,"column":12},"end":{"line":94,"column":25}},"41":{"start":{"line":96,"column":12},"end":{"line":96,"column":24}},"42":{"start":{"line":100,"column":8},"end":{"line":113,"column":9}},"43":{"start":{"line":101,"column":28},"end":{"line":101,"column":97}},"44":{"start":{"line":103,"column":27},"end":{"line":109,"column":14}},"45":{"start":{"line":105,"column":16},"end":{"line":105,"column":27}},"46":{"start":{"line":108,"column":16},"end":{"line":108,"column":25}},"47":{"start":{"line":110,"column":12},"end":{"line":110,"column":25}},"48":{"start":{"line":112,"column":12},"end":{"line":112,"column":24}},"49":{"start":{"line":116,"column":8},"end":{"line":129,"column":9}},"50":{"start":{"line":117,"column":28},"end":{"line":117,"column":100}},"51":{"start":{"line":119,"column":27},"end":{"line":125,"column":14}},"52":{"start":{"line":121,"column":16},"end":{"line":121,"column":27}},"53":{"start":{"line":124,"column":16},"end":{"line":124,"column":25}},"54":{"start":{"line":126,"column":12},"end":{"line":126,"column":25}},"55":{"start":{"line":128,"column":12},"end":{"line":128,"column":24}}},"fnMap":{"0":{"name":"(anonymous_0)","decl":{"start":{"line":6,"column":13},"end":{"line":6,"column":14}},"loc":{"start":{"line":6,"column":32},"end":{"line":20,"column":5}},"line":6},"1":{"name":"(anonymous_1)","decl":{"start":{"line":9,"column":18},"end":{"line":9,"column":19}},"loc":{"start":{"line":9,"column":26},"end":{"line":11,"column":13}},"line":9},"2":{"name":"(anonymous_2)","decl":{"start":{"line":12,"column":19},"end":{"line":12,"column":20}},"loc":{"start":{"line":12,"column":26},"end":{"line":14,"column":13}},"line":12},"3":{"name":"(anonymous_3)","decl":{"start":{"line":21,"column":14},"end":{"line":21,"column":15}},"loc":{"start":{"line":21,"column":37},"end":{"line":36,"column":5}},"line":21},"4":{"name":"(anonymous_4)","decl":{"start":{"line":26,"column":18},"end":{"line":26,"column":19}},"loc":{"start":{"line":26,"column":26},"end":{"line":28,"column":13}},"line":26},"5":{"name":"(anonymous_5)","decl":{"start":{"line":29,"column":19},"end":{"line":29,"column":20}},"loc":{"start":{"line":29,"column":26},"end":{"line":31,"column":13}},"line":29},"6":{"name":"(anonymous_6)","decl":{"start":{"line":37,"column":14},"end":{"line":37,"column":15}},"loc":{"start":{"line":37,"column":28},"end":{"line":50,"column":5}},"line":37},"7":{"name":"(anonymous_7)","decl":{"start":{"line":40,"column":18},"end":{"line":40,"column":19}},"loc":{"start":{"line":40,"column":26},"end":{"line":42,"column":13}},"line":40},"8":{"name":"(anonymous_8)","decl":{"start":{"line":43,"column":19},"end":{"line":43,"column":20}},"loc":{"start":{"line":43,"column":26},"end":{"line":45,"column":13}},"line":43},"9":{"name":"(anonymous_9)","decl":{"start":{"line":51,"column":13},"end":{"line":51,"column":14}},"loc":{"start":{"line":51,"column":35},"end":{"line":67,"column":5}},"line":51},"10":{"name":"(anonymous_10)","decl":{"start":{"line":57,"column":18},"end":{"line":57,"column":19}},"loc":{"start":{"line":57,"column":26},"end":{"line":59,"column":13}},"line":57},"11":{"name":"(anonymous_11)","decl":{"start":{"line":60,"column":19},"end":{"line":60,"column":20}},"loc":{"start":{"line":60,"column":26},"end":{"line":62,"column":13}},"line":60},"12":{"name":"(anonymous_12)","decl":{"start":{"line":68,"column":13},"end":{"line":68,"column":14}},"loc":{"start":{"line":68,"column":26},"end":{"line":81,"column":5}},"line":68},"13":{"name":"(anonymous_13)","decl":{"start":{"line":71,"column":18},"end":{"line":71,"column":19}},"loc":{"start":{"line":71,"column":26},"end":{"line":73,"column":13}},"line":71},"14":{"name":"(anonymous_14)","decl":{"start":{"line":74,"column":19},"end":{"line":74,"column":20}},"loc":{"start":{"line":74,"column":26},"end":{"line":76,"column":13}},"line":74},"15":{"name":"(anonymous_15)","decl":{"start":{"line":82,"column":16},"end":{"line":82,"column":17}},"loc":{"start":{"line":82,"column":27},"end":{"line":98,"column":5}},"line":82},"16":{"name":"(anonymous_16)","decl":{"start":{"line":88,"column":18},"end":{"line":88,"column":19}},"loc":{"start":{"line":88,"column":26},"end":{"line":90,"column":13}},"line":88},"17":{"name":"(anonymous_17)","decl":{"start":{"line":91,"column":19},"end":{"line":91,"column":20}},"loc":{"start":{"line":91,"column":26},"end":{"line":93,"column":13}},"line":91},"18":{"name":"(anonymous_18)","decl":{"start":{"line":99,"column":18},"end":{"line":99,"column":19}},"loc":{"start":{"line":99,"column":41},"end":{"line":114,"column":5}},"line":99},"19":{"name":"(anonymous_19)","decl":{"start":{"line":104,"column":18},"end":{"line":104,"column":19}},"loc":{"start":{"line":104,"column":26},"end":{"line":106,"column":13}},"line":104},"20":{"name":"(anonymous_20)","decl":{"start":{"line":107,"column":19},"end":{"line":107,"column":20}},"loc":{"start":{"line":107,"column":26},"end":{"line":109,"column":13}},"line":107},"21":{"name":"(anonymous_21)","decl":{"start":{"line":115,"column":19},"end":{"line":115,"column":20}},"loc":{"start":{"line":115,"column":43},"end":{"line":130,"column":5}},"line":115},"22":{"name":"(anonymous_22)","decl":{"start":{"line":120,"column":18},"end":{"line":120,"column":19}},"loc":{"start":{"line":120,"column":26},"end":{"line":122,"column":13}},"line":120},"23":{"name":"(anonymous_23)","decl":{"start":{"line":123,"column":19},"end":{"line":123,"column":20}},"loc":{"start":{"line":123,"column":26},"end":{"line":125,"column":13}},"line":123}},"branchMap":{"0":{"loc":{"start":{"line":23,"column":28},"end":{"line":23,"column":99}},"type":"cond-expr","locations":[{"start":{"line":23,"column":42},"end":{"line":23,"column":92}},{"start":{"line":23,"column":95},"end":{"line":23,"column":99}}],"line":23},"1":{"loc":{"start":{"line":101,"column":28},"end":{"line":101,"column":97}},"type":"cond-expr","locations":[{"start":{"line":101,"column":42},"end":{"line":101,"column":90}},{"start":{"line":101,"column":93},"end":{"line":101,"column":97}}],"line":101},"2":{"loc":{"start":{"line":117,"column":28},"end":{"line":117,"column":100}},"type":"cond-expr","locations":[{"start":{"line":117,"column":43},"end":{"line":117,"column":93}},{"start":{"line":117,"column":96},"end":{"line":117,"column":100}}],"line":117}},"s":{"0":5,"1":5,"2":5,"3":5,"4":116,"5":116,"6":115,"7":1,"8":116,"9":0,"10":3,"11":3,"12":3,"13":3,"14":0,"15":3,"16":0,"17":9,"18":9,"19":9,"20":0,"21":9,"22":0,"23":10,"24":10,"25":10,"26":9,"27":1,"28":10,"29":0,"30":3,"31":3,"32":3,"33":0,"34":3,"35":0,"36":1,"37":1,"38":1,"39":0,"40":1,"41":0,"42":2,"43":2,"44":2,"45":2,"46":0,"47":2,"48":0,"49":2,"50":2,"51":2,"52":2,"53":0,"54":2,"55":0},"f":{"0":116,"1":115,"2":1,"3":3,"4":3,"5":0,"6":9,"7":9,"8":0,"9":10,"10":9,"11":1,"12":3,"13":3,"14":0,"15":1,"16":1,"17":0,"18":2,"19":2,"20":0,"21":2,"22":2,"23":0},"b":{"0":[0,3],"1":[2,0],"2":[0,2]},"_coverageSchema":"1a1c01bbd47fc00a2c39e90264f33305004495a9","hash":"7d59d1beb619867a43ebe29b3275fd8dd7e003f8"}
,"/Users/tinkitwong/Desktop/equitize-backend/routes/index.route.js": {"path":"/Users/tinkitwong/Desktop/equitize-backend/routes/index.route.js","statementMap":{"0":{"start":{"line":1,"column":15},"end":{"line":1,"column":42}},"1":{"start":{"line":4,"column":0},"end":{"line":7,"column":3}},"2":{"start":{"line":5,"column":4},"end":{"line":5,"column":37}},"3":{"start":{"line":6,"column":4},"end":{"line":6,"column":22}},"4":{"start":{"line":9,"column":0},"end":{"line":9,"column":23}}},"fnMap":{"0":{"name":"(anonymous_0)","decl":{"start":{"line":4,"column":16},"end":{"line":4,"column":17}},"loc":{"start":{"line":4,"column":36},"end":{"line":7,"column":1}},"line":4}},"branchMap":{},"s":{"0":5,"1":5,"2":0,"3":0,"4":5},"f":{"0":0},"b":{},"_coverageSchema":"1a1c01bbd47fc00a2c39e90264f33305004495a9","hash":"3e3c0ccee12c7e21ff31d8fb42f31709bf8c7f18"}
}
