TN:
SF:app.js
FN:41,(anonymous_0)
FN:43,(anonymous_1)
FN:56,(anonymous_2)
FN:60,(anonymous_3)
FN:74,(anonymous_4)
FN:79,(anonymous_5)
FNF:6
FNH:1
FNDA:5,(anonymous_0)
FNDA:0,(anonymous_1)
FNDA:0,(anonymous_2)
FNDA:0,(anonymous_3)
FNDA:0,(anonymous_4)
FNDA:0,(anonymous_5)
DA:1,5
DA:2,5
DA:3,5
DA:5,5
DA:6,5
DA:7,5
DA:12,5
DA:16,5
DA:22,5
DA:25,5
DA:33,5
DA:34,5
DA:35,5
DA:36,5
DA:40,5
DA:41,5
DA:42,5
DA:44,0
DA:48,5
DA:49,5
DA:50,5
DA:51,5
DA:52,5
DA:56,5
DA:57,0
DA:60,5
DA:61,0
DA:62,0
DA:63,0
DA:68,5
DA:70,5
DA:71,5
DA:73,0
DA:74,0
DA:75,0
DA:78,0
DA:79,0
DA:80,0
LF:38
LH:27
BRDA:61,0,0,0
BRDA:61,0,1,0
BRDA:68,1,0,5
BRDA:68,1,1,0
BRDA:70,2,0,5
BRDA:70,2,1,0
BRDA:73,3,0,0
BRDA:73,3,1,0
BRDA:78,4,0,0
BRDA:78,4,1,0
BRF:10
BRH:2
end_of_record
TN:
SF:auth0/controllers/backend.controller.js
FN:4,(anonymous_0)
FN:17,(anonymous_1)
FN:22,(anonymous_2)
FNF:3
FNH:0
FNDA:0,(anonymous_0)
FNDA:0,(anonymous_1)
FNDA:0,(anonymous_2)
DA:1,5
DA:3,5
DA:5,0
DA:6,0
DA:7,0
DA:13,0
DA:16,0
DA:18,0
DA:19,0
DA:20,0
DA:23,0
DA:24,0
DA:27,0
LF:13
LH:2
BRF:0
BRH:0
end_of_record
TN:
SF:auth0/controllers/registration.controller.js
FN:5,(anonymous_0)
FN:22,(anonymous_1)
FN:27,(anonymous_2)
FN:34,(anonymous_3)
FN:47,(anonymous_4)
FN:50,(anonymous_5)
FN:57,(anonymous_6)
FN:72,(anonymous_7)
FN:76,(anonymous_8)
FNF:9
FNH:0
FNDA:0,(anonymous_0)
FNDA:0,(anonymous_1)
FNDA:0,(anonymous_2)
FNDA:0,(anonymous_3)
FNDA:0,(anonymous_4)
FNDA:0,(anonymous_5)
FNDA:0,(anonymous_6)
FNDA:0,(anonymous_7)
FNDA:0,(anonymous_8)
DA:1,5
DA:2,5
DA:4,5
DA:7,0
DA:9,0
DA:10,0
DA:11,0
DA:13,0
DA:17,0
DA:21,0
DA:23,0
DA:24,0
DA:25,0
DA:28,0
DA:31,0
DA:35,0
DA:37,0
DA:38,0
DA:39,0
DA:42,0
DA:46,0
DA:48,0
DA:51,0
DA:54,0
DA:58,0
DA:61,0
DA:62,0
DA:67,0
DA:71,0
DA:73,0
DA:74,0
DA:77,0
DA:79,0
DA:82,0
LF:34
LH:3
BRF:0
BRH:0
end_of_record
TN:
SF:auth0/utils/auth0_config.js
FNF:0
FNH:0
DA:1,5
LF:1
LH:1
BRF:0
BRH:0
end_of_record
TN:
SF:cloudStorage/index.js
FNF:0
FNH:0
DA:1,5
DA:2,5
DA:3,5
DA:5,5
DA:6,5
DA:11,5
LF:6
LH:6
BRF:0
BRH:0
end_of_record
TN:
SF:cloudStorage/controllers/cloudStorage.controller.js
FN:5,(anonymous_0)
FN:16,(anonymous_1)
FN:26,(anonymous_2)
FN:36,(anonymous_3)
FN:46,(anonymous_4)
FN:56,(anonymous_5)
FN:66,(anonymous_6)
FN:77,(anonymous_7)
FNF:8
FNH:8
FNDA:1,(anonymous_0)
FNDA:1,(anonymous_1)
FNDA:1,(anonymous_2)
FNDA:1,(anonymous_3)
FNDA:1,(anonymous_4)
FNDA:1,(anonymous_5)
FNDA:1,(anonymous_6)
FNDA:7,(anonymous_7)
DA:1,5
DA:5,5
DA:6,1
DA:7,1
DA:8,1
DA:11,1
DA:16,5
DA:17,1
DA:18,1
DA:20,1
DA:23,1
DA:26,5
DA:27,1
DA:28,1
DA:30,1
DA:33,1
DA:36,5
DA:37,1
DA:38,1
DA:40,1
DA:43,1
DA:46,5
DA:47,1
DA:48,1
DA:50,1
DA:53,1
DA:56,5
DA:57,1
DA:58,1
DA:60,1
DA:63,1
DA:66,5
DA:67,1
DA:68,1
DA:70,1
DA:73,1
DA:77,5
DA:78,7
DA:79,7
DA:80,7
DA:81,7
DA:83,0
LF:42
LH:41
BRF:0
BRH:0
end_of_record
TN:
SF:cloudStorage/services/cloudStorage.service.js
FN:20,(anonymous_0)
FN:21,(anonymous_1)
FN:33,(anonymous_2)
FN:37,(anonymous_3)
FN:46,(anonymous_4)
FN:47,(anonymous_5)
FN:59,(anonymous_6)
FN:63,(anonymous_7)
FN:72,(anonymous_8)
FN:73,(anonymous_9)
FN:85,(anonymous_10)
FN:89,(anonymous_11)
FN:98,(anonymous_12)
FN:99,(anonymous_13)
FN:111,(anonymous_14)
FN:115,(anonymous_15)
FN:124,(anonymous_16)
FN:125,(anonymous_17)
FN:137,(anonymous_18)
FN:141,(anonymous_19)
FN:150,(anonymous_20)
FN:151,(anonymous_21)
FN:163,(anonymous_22)
FN:167,(anonymous_23)
FN:176,(anonymous_24)
FN:177,(anonymous_25)
FN:189,(anonymous_26)
FN:193,(anonymous_27)
FN:202,(anonymous_28)
FNF:29
FNH:22
FNDA:1,(anonymous_0)
FNDA:1,(anonymous_1)
FNDA:1,(anonymous_2)
FNDA:0,(anonymous_3)
FNDA:1,(anonymous_4)
FNDA:1,(anonymous_5)
FNDA:1,(anonymous_6)
FNDA:0,(anonymous_7)
FNDA:1,(anonymous_8)
FNDA:1,(anonymous_9)
FNDA:1,(anonymous_10)
FNDA:0,(anonymous_11)
FNDA:1,(anonymous_12)
FNDA:1,(anonymous_13)
FNDA:1,(anonymous_14)
FNDA:0,(anonymous_15)
FNDA:1,(anonymous_16)
FNDA:1,(anonymous_17)
FNDA:1,(anonymous_18)
FNDA:0,(anonymous_19)
FNDA:1,(anonymous_20)
FNDA:1,(anonymous_21)
FNDA:1,(anonymous_22)
FNDA:0,(anonymous_23)
FNDA:1,(anonymous_24)
FNDA:1,(anonymous_25)
FNDA:1,(anonymous_26)
FNDA:0,(anonymous_27)
FNDA:7,(anonymous_28)
DA:1,5
DA:2,5
DA:5,5
DA:6,0
DA:7,0
DA:9,5
DA:10,0
DA:11,0
DA:13,5
DA:14,5
DA:15,5
DA:19,5
DA:21,1
DA:22,1
DA:23,1
DA:24,1
DA:25,1
DA:27,1
DA:28,1
DA:33,1
DA:34,1
DA:35,1
DA:38,0
DA:39,0
DA:43,0
DA:47,1
DA:48,1
DA:49,1
DA:50,1
DA:51,1
DA:53,1
DA:54,1
DA:59,1
DA:60,1
DA:61,1
DA:64,0
DA:65,0
DA:69,0
DA:73,1
DA:74,1
DA:75,1
DA:76,1
DA:77,1
DA:79,1
DA:80,1
DA:85,1
DA:86,1
DA:87,1
DA:90,0
DA:91,0
DA:95,0
DA:99,1
DA:100,1
DA:101,1
DA:102,1
DA:103,1
DA:105,1
DA:106,1
DA:111,1
DA:112,1
DA:113,1
DA:116,0
DA:117,0
DA:121,0
DA:125,1
DA:126,1
DA:127,1
DA:128,1
DA:129,1
DA:131,1
DA:132,1
DA:137,1
DA:138,1
DA:139,1
DA:142,0
DA:143,0
DA:147,0
DA:151,1
DA:152,1
DA:153,1
DA:154,1
DA:155,1
DA:157,1
DA:158,1
DA:163,1
DA:164,1
DA:165,1
DA:168,0
DA:169,0
DA:173,0
DA:177,1
DA:178,1
DA:179,1
DA:180,1
DA:181,1
DA:183,1
DA:184,1
DA:189,1
DA:190,1
DA:191,1
DA:194,0
DA:195,0
DA:199,0
DA:203,7
DA:205,7
DA:207,7
DA:208,7
DA:213,7
DA:217,7
DA:221,0
LF:110
LH:84
BRDA:5,0,0,0
BRDA:5,0,1,5
BRDA:9,1,0,0
BRDA:9,1,1,5
BRDA:13,2,0,5
BRDA:13,2,1,0
BRF:6
BRH:3
end_of_record
TN:
SF:db/config/db.config.js
FNF:0
FNH:0
DA:1,5
DA:2,5
DA:3,0
DA:6,5
LF:4
LH:3
BRDA:2,0,0,0
BRDA:2,0,1,5
BRF:2
BRH:1
end_of_record
TN:
SF:db/controllers/campaign.controller.js
FN:8,(anonymous_0)
FN:27,(anonymous_1)
FN:30,(anonymous_2)
FN:50,(anonymous_3)
FN:56,(anonymous_4)
FN:59,(anonymous_5)
FN:79,(anonymous_6)
FN:83,(anonymous_7)
FN:92,(anonymous_8)
FN:115,(anonymous_9)
FN:119,(anonymous_10)
FN:130,(anonymous_11)
FN:160,(anonymous_12)
FN:164,(anonymous_13)
FN:175,(anonymous_14)
FN:203,(anonymous_15)
FN:206,(anonymous_16)
FN:209,(anonymous_17)
FN:251,(anonymous_18)
FN:259,(anonymous_19)
FN:268,(anonymous_20)
FN:288,(anonymous_21)
FN:294,(anonymous_22)
FN:303,(anonymous_23)
FN:306,(anonymous_24)
FN:316,(anonymous_25)
FNF:26
FNH:17
FNDA:4,(anonymous_0)
FNDA:3,(anonymous_1)
FNDA:0,(anonymous_2)
FNDA:1,(anonymous_3)
FNDA:1,(anonymous_4)
FNDA:0,(anonymous_5)
FNDA:2,(anonymous_6)
FNDA:2,(anonymous_7)
FNDA:0,(anonymous_8)
FNDA:4,(anonymous_9)
FNDA:4,(anonymous_10)
FNDA:0,(anonymous_11)
FNDA:3,(anonymous_12)
FNDA:3,(anonymous_13)
FNDA:0,(anonymous_14)
FNDA:1,(anonymous_15)
FNDA:1,(anonymous_16)
FNDA:0,(anonymous_17)
FNDA:3,(anonymous_18)
FNDA:3,(anonymous_19)
FNDA:0,(anonymous_20)
FNDA:2,(anonymous_21)
FNDA:2,(anonymous_22)
FNDA:1,(anonymous_23)
FNDA:0,(anonymous_24)
FNDA:0,(anonymous_25)
DA:1,5
DA:5,5
DA:8,5
DA:10,4
DA:11,1
DA:14,1
DA:20,3
DA:26,3
DA:28,3
DA:31,0
DA:50,5
DA:51,1
DA:55,1
DA:57,1
DA:60,0
DA:79,5
DA:80,2
DA:82,2
DA:84,2
DA:85,1
DA:89,1
DA:93,0
DA:115,5
DA:116,4
DA:118,4
DA:120,4
DA:121,3
DA:125,1
DA:131,0
DA:132,0
DA:160,5
DA:161,3
DA:163,3
DA:165,3
DA:166,1
DA:170,2
DA:176,0
DA:203,5
DA:205,1
DA:207,1
DA:210,0
DA:251,5
DA:253,3
DA:258,3
DA:260,3
DA:261,1
DA:265,2
DA:269,0
DA:288,5
DA:289,2
DA:293,2
DA:297,2
DA:299,1
DA:302,1
DA:304,1
DA:307,0
DA:313,1
DA:317,0
LF:58
LH:48
BRDA:10,0,0,1
BRDA:10,0,1,3
BRDA:33,1,0,0
BRDA:33,1,1,0
BRDA:62,2,0,0
BRDA:62,2,1,0
BRDA:84,3,0,1
BRDA:84,3,1,1
BRDA:120,4,0,3
BRDA:120,4,1,1
BRDA:165,5,0,1
BRDA:165,5,1,2
BRDA:212,6,0,0
BRDA:212,6,1,0
BRDA:260,7,0,1
BRDA:260,7,1,2
BRDA:271,8,0,0
BRDA:271,8,1,0
BRDA:297,9,0,1
BRDA:297,9,1,1
BRDA:309,10,0,0
BRDA:309,10,1,0
BRDA:319,11,0,0
BRDA:319,11,1,0
BRF:24
BRH:12
end_of_record
TN:
SF:db/controllers/commercialChampion.controller.js
FN:7,(anonymous_0)
FN:29,(anonymous_1)
FN:32,(anonymous_2)
FN:55,(anonymous_3)
FN:61,(anonymous_4)
FN:64,(anonymous_5)
FN:84,(anonymous_6)
FN:89,(anonymous_7)
FN:98,(anonymous_8)
FN:122,(anonymous_9)
FN:127,(anonymous_10)
FN:138,(anonymous_11)
FN:166,(anonymous_12)
FN:171,(anonymous_13)
FN:182,(anonymous_14)
FN:211,(anonymous_15)
FN:214,(anonymous_16)
FN:217,(anonymous_17)
FN:241,(anonymous_18)
FN:248,(anonymous_19)
FN:251,(anonymous_20)
FN:270,(anonymous_21)
FN:278,(anonymous_22)
FN:288,(anonymous_23)
FNF:24
FNH:4
FNDA:1,(anonymous_0)
FNDA:1,(anonymous_1)
FNDA:0,(anonymous_2)
FNDA:0,(anonymous_3)
FNDA:0,(anonymous_4)
FNDA:0,(anonymous_5)
FNDA:0,(anonymous_6)
FNDA:0,(anonymous_7)
FNDA:0,(anonymous_8)
FNDA:0,(anonymous_9)
FNDA:0,(anonymous_10)
FNDA:0,(anonymous_11)
FNDA:0,(anonymous_12)
FNDA:0,(anonymous_13)
FNDA:0,(anonymous_14)
FNDA:0,(anonymous_15)
FNDA:0,(anonymous_16)
FNDA:0,(anonymous_17)
FNDA:0,(anonymous_18)
FNDA:0,(anonymous_19)
FNDA:0,(anonymous_20)
FNDA:1,(anonymous_21)
FNDA:1,(anonymous_22)
FNDA:0,(anonymous_23)
DA:1,5
DA:2,5
DA:3,5
DA:4,5
DA:7,5
DA:8,1
DA:10,1
DA:11,0
DA:14,0
DA:19,1
DA:28,1
DA:30,1
DA:33,0
DA:49,0
DA:55,5
DA:56,0
DA:60,0
DA:62,0
DA:65,0
DA:84,5
DA:85,0
DA:88,0
DA:90,0
DA:91,0
DA:95,0
DA:99,0
DA:122,5
DA:123,0
DA:126,0
DA:128,0
DA:129,0
DA:133,0
DA:139,0
DA:166,5
DA:167,0
DA:170,0
DA:172,0
DA:173,0
DA:177,0
DA:183,0
DA:211,5
DA:213,0
DA:215,0
DA:218,0
DA:241,5
DA:243,0
DA:247,0
DA:249,0
DA:252,0
DA:270,5
DA:272,1
DA:277,1
DA:279,1
DA:280,0
DA:285,1
DA:289,0
LF:56
LH:21
BRDA:10,0,0,0
BRDA:10,0,1,1
BRDA:10,1,0,1
BRDA:10,1,1,1
BRDA:10,1,2,1
BRDA:23,2,0,0
BRDA:23,2,1,1
BRDA:24,3,0,0
BRDA:24,3,1,1
BRDA:35,4,0,0
BRDA:35,4,1,0
BRDA:67,5,0,0
BRDA:67,5,1,0
BRDA:90,6,0,0
BRDA:90,6,1,0
BRDA:128,7,0,0
BRDA:128,7,1,0
BRDA:172,8,0,0
BRDA:172,8,1,0
BRDA:220,9,0,0
BRDA:220,9,1,0
BRDA:254,10,0,0
BRDA:254,10,1,0
BRDA:279,11,0,0
BRDA:279,11,1,1
BRDA:291,12,0,0
BRDA:291,12,1,0
BRF:27
BRH:7
end_of_record
TN:
SF:db/controllers/general.controller.js
FN:3,(anonymous_0)
FNF:1
FNH:0
FNDA:0,(anonymous_0)
DA:1,5
DA:2,5
DA:4,0
DA:5,0
DA:11,0
DA:12,0
DA:14,0
LF:7
LH:2
BRF:0
BRH:0
end_of_record
TN:
SF:db/controllers/industry.controller.js
FN:3,(anonymous_0)
FN:23,(anonymous_1)
FN:31,(anonymous_2)
FN:37,(anonymous_3)
FN:46,(anonymous_4)
FNF:5
FNH:4
FNDA:109,(anonymous_0)
FNDA:2,(anonymous_1)
FNDA:2,(anonymous_2)
FNDA:0,(anonymous_3)
FNDA:1,(anonymous_4)
DA:1,5
DA:3,5
DA:4,109
DA:5,109
DA:6,109
DA:7,109
DA:8,109
DA:9,0
DA:15,109
DA:16,109
DA:18,0
DA:23,5
DA:25,2
DA:26,2
DA:27,2
DA:28,2
DA:30,2
DA:32,2
DA:35,2
DA:38,0
DA:41,0
DA:46,5
DA:47,1
DA:48,1
DA:49,1
DA:50,1
DA:51,1
DA:52,1
DA:53,1
DA:55,0
DA:61,0
DA:62,0
DA:63,0
LF:33
LH:25
BRDA:7,0,0,109
BRDA:7,0,1,0
BRDA:8,1,0,0
BRDA:8,1,1,109
BRDA:52,2,0,1
BRDA:52,2,1,0
BRF:6
BRH:3
end_of_record
TN:
SF:db/controllers/junctionTable.controller.js
FN:7,(anonymous_0)
FN:27,(anonymous_1)
FN:30,(anonymous_2)
FN:51,(anonymous_3)
FN:56,(anonymous_4)
FN:59,(anonymous_5)
FN:78,(anonymous_6)
FN:82,(anonymous_7)
FN:91,(anonymous_8)
FN:114,(anonymous_9)
FN:119,(anonymous_10)
FN:130,(anonymous_11)
FN:158,(anonymous_12)
FN:162,(anonymous_13)
FN:173,(anonymous_14)
FN:200,(anonymous_15)
FN:203,(anonymous_16)
FN:206,(anonymous_17)
FN:231,(anonymous_18)
FN:239,(anonymous_19)
FN:242,(anonymous_20)
FN:261,(anonymous_21)
FN:268,(anonymous_22)
FN:271,(anonymous_23)
FNF:24
FNH:14
FNDA:1,(anonymous_0)
FNDA:1,(anonymous_1)
FNDA:0,(anonymous_2)
FNDA:1,(anonymous_3)
FNDA:1,(anonymous_4)
FNDA:0,(anonymous_5)
FNDA:1,(anonymous_6)
FNDA:1,(anonymous_7)
FNDA:0,(anonymous_8)
FNDA:1,(anonymous_9)
FNDA:1,(anonymous_10)
FNDA:0,(anonymous_11)
FNDA:3,(anonymous_12)
FNDA:3,(anonymous_13)
FNDA:0,(anonymous_14)
FNDA:1,(anonymous_15)
FNDA:1,(anonymous_16)
FNDA:0,(anonymous_17)
FNDA:0,(anonymous_18)
FNDA:0,(anonymous_19)
FNDA:0,(anonymous_20)
FNDA:1,(anonymous_21)
FNDA:0,(anonymous_22)
FNDA:1,(anonymous_23)
DA:4,5
DA:7,5
DA:9,1
DA:10,0
DA:13,0
DA:19,1
DA:26,1
DA:28,1
DA:31,0
DA:51,5
DA:52,1
DA:55,1
DA:57,1
DA:60,0
DA:78,5
DA:79,1
DA:81,1
DA:83,1
DA:84,0
DA:88,1
DA:92,0
DA:114,5
DA:115,1
DA:118,1
DA:120,1
DA:121,1
DA:125,0
DA:131,0
DA:158,5
DA:159,3
DA:161,3
DA:163,3
DA:164,1
DA:168,2
DA:174,0
DA:200,5
DA:202,1
DA:204,1
DA:207,0
DA:231,5
DA:232,0
DA:238,0
DA:240,0
DA:243,0
DA:261,5
DA:262,1
DA:267,1
DA:269,0
DA:272,1
LF:49
LH:34
BRDA:9,0,0,0
BRDA:9,0,1,1
BRDA:9,1,0,1
BRDA:9,1,1,1
BRDA:9,1,2,1
BRDA:33,2,0,0
BRDA:33,2,1,0
BRDA:62,3,0,0
BRDA:62,3,1,0
BRDA:83,4,0,0
BRDA:83,4,1,1
BRDA:120,5,0,1
BRDA:120,5,1,0
BRDA:163,6,0,1
BRDA:163,6,1,2
BRDA:209,7,0,0
BRDA:209,7,1,0
BRDA:245,8,0,0
BRDA:245,8,1,0
BRDA:274,9,0,1
BRDA:274,9,1,0
BRF:21
BRH:9
end_of_record
TN:
SF:db/controllers/milestonePart.controller.js
FN:3,(anonymous_0)
FN:20,(anonymous_1)
FN:25,(anonymous_2)
FN:36,(anonymous_3)
FN:44,(anonymous_4)
FN:63,(anonymous_5)
FN:70,(anonymous_6)
FN:74,(anonymous_7)
FN:84,(anonymous_8)
FN:88,(anonymous_9)
FN:100,(anonymous_10)
FNF:11
FNH:8
FNDA:2,(anonymous_0)
FNDA:1,(anonymous_1)
FNDA:1,(anonymous_2)
FNDA:0,(anonymous_3)
FNDA:2,(anonymous_4)
FNDA:2,(anonymous_5)
FNDA:2,(anonymous_6)
FNDA:0,(anonymous_7)
FNDA:1,(anonymous_8)
FNDA:1,(anonymous_9)
FNDA:0,(anonymous_10)
DA:1,5
DA:3,5
DA:4,2
DA:5,2
DA:6,2
DA:13,2
DA:15,0
DA:20,5
DA:21,1
DA:22,1
DA:24,1
DA:26,1
DA:27,1
DA:31,0
DA:37,0
DA:44,5
DA:45,2
DA:46,2
DA:47,2
DA:48,2
DA:49,2
DA:50,2
DA:52,0
DA:58,0
DA:63,5
DA:64,2
DA:65,2
DA:66,2
DA:67,2
DA:69,2
DA:71,2
DA:72,2
DA:75,0
DA:78,0
DA:84,5
DA:85,1
DA:87,1
DA:89,1
DA:90,1
DA:91,1
DA:95,0
DA:101,0
LF:42
LH:33
BRDA:26,0,0,1
BRDA:26,0,1,0
BRDA:49,1,0,2
BRDA:49,1,1,0
BRDA:90,2,0,1
BRDA:90,2,1,0
BRF:6
BRH:3
end_of_record
TN:
SF:db/controllers/recommender.controller.js
FN:4,shuffle
FN:23,(anonymous_1)
FNF:2
FNH:2
FNDA:1,shuffle
FNDA:1,(anonymous_1)
DA:1,5
DA:6,1
DA:9,1
DA:12,111
DA:13,111
DA:16,111
DA:19,1
DA:23,5
DA:24,1
DA:25,1
DA:26,1
DA:27,1
DA:29,1
DA:30,1
DA:32,1
DA:33,2
DA:34,2
DA:35,2
DA:38,1
DA:39,111
DA:40,111
DA:41,160
DA:42,160
DA:43,20
DA:50,1
DA:51,1
DA:52,1
DA:54,1
DA:55,93
DA:56,186
DA:57,186
DA:58,20
DA:59,20
DA:60,19
DA:61,19
DA:63,93
DA:64,111
DA:65,111
DA:66,111
DA:67,92
DA:68,92
DA:69,92
DA:72,1
LF:43
LH:43
BRDA:42,0,0,20
BRDA:42,0,1,140
BRDA:57,1,0,166
BRDA:57,1,1,20
BRDA:59,2,0,1
BRDA:59,2,1,19
BRDA:66,3,0,19
BRDA:66,3,1,92
BRF:8
BRH:8
end_of_record
TN:
SF:db/controllers/retailInvestors.controller.js
FN:8,(anonymous_0)
FN:32,(anonymous_1)
FN:35,(anonymous_2)
FN:58,(anonymous_3)
FN:62,(anonymous_4)
FN:65,(anonymous_5)
FN:86,(anonymous_6)
FN:89,(anonymous_7)
FN:98,(anonymous_8)
FN:123,(anonymous_9)
FN:128,(anonymous_10)
FN:139,(anonymous_11)
FN:166,(anonymous_12)
FN:170,(anonymous_13)
FN:181,(anonymous_14)
FN:210,(anonymous_15)
FN:213,(anonymous_16)
FN:216,(anonymous_17)
FN:237,(anonymous_18)
FN:244,(anonymous_19)
FN:247,(anonymous_20)
FNF:21
FNH:16
FNDA:7,(anonymous_0)
FNDA:5,(anonymous_1)
FNDA:1,(anonymous_2)
FNDA:1,(anonymous_3)
FNDA:1,(anonymous_4)
FNDA:0,(anonymous_5)
FNDA:2,(anonymous_6)
FNDA:2,(anonymous_7)
FNDA:0,(anonymous_8)
FNDA:3,(anonymous_9)
FNDA:2,(anonymous_10)
FNDA:1,(anonymous_11)
FNDA:3,(anonymous_12)
FNDA:3,(anonymous_13)
FNDA:0,(anonymous_14)
FNDA:1,(anonymous_15)
FNDA:1,(anonymous_16)
FNDA:0,(anonymous_17)
FNDA:2,(anonymous_18)
FNDA:2,(anonymous_19)
FNDA:0,(anonymous_20)
DA:1,5
DA:5,5
DA:8,5
DA:10,7
DA:11,1
DA:14,1
DA:20,6
DA:31,6
DA:33,5
DA:36,1
DA:58,5
DA:59,1
DA:61,1
DA:63,1
DA:66,0
DA:86,5
DA:87,2
DA:88,2
DA:90,2
DA:91,1
DA:95,1
DA:99,0
DA:123,5
DA:124,3
DA:127,3
DA:129,2
DA:130,1
DA:134,1
DA:140,1
DA:166,5
DA:167,3
DA:169,3
DA:171,3
DA:172,1
DA:176,2
DA:182,0
DA:210,5
DA:212,1
DA:214,1
DA:217,0
DA:237,5
DA:239,2
DA:243,2
DA:245,2
DA:248,0
LF:45
LH:40
BRDA:10,0,0,1
BRDA:10,0,1,6
BRDA:10,1,0,7
BRDA:10,1,1,7
BRDA:23,2,0,6
BRDA:23,2,1,0
BRDA:24,3,0,0
BRDA:24,3,1,6
BRDA:25,4,0,0
BRDA:25,4,1,6
BRDA:26,5,0,0
BRDA:26,5,1,6
BRDA:27,6,0,0
BRDA:27,6,1,6
BRDA:38,7,0,1
BRDA:38,7,1,0
BRDA:68,8,0,0
BRDA:68,8,1,0
BRDA:90,9,0,1
BRDA:90,9,1,1
BRDA:129,10,0,1
BRDA:129,10,1,1
BRDA:171,11,0,1
BRDA:171,11,1,2
BRDA:219,12,0,0
BRDA:219,12,1,0
BRDA:250,13,0,0
BRDA:250,13,1,0
BRF:28
BRH:16
end_of_record
TN:
SF:db/controllers/startup.controller.js
FN:5,(anonymous_0)
FN:36,(anonymous_1)
FN:39,(anonymous_2)
FN:51,(anonymous_3)
FN:58,(anonymous_4)
FN:68,(anonymous_5)
FN:77,(anonymous_6)
FN:82,(anonymous_7)
FN:91,(anonymous_8)
FN:99,(anonymous_9)
FN:106,(anonymous_10)
FN:117,(anonymous_11)
FN:125,(anonymous_12)
FN:130,(anonymous_13)
FN:141,(anonymous_14)
FN:149,(anonymous_15)
FN:152,(anonymous_16)
FN:155,(anonymous_17)
FN:164,(anonymous_18)
FN:171,(anonymous_19)
FN:181,(anonymous_20)
FN:189,(anonymous_21)
FN:193,(anonymous_22)
FN:203,(anonymous_23)
FN:212,(anonymous_24)
FNF:25
FNH:19
FNDA:117,(anonymous_0)
FNDA:115,(anonymous_1)
FNDA:1,(anonymous_2)
FNDA:2,(anonymous_3)
FNDA:2,(anonymous_4)
FNDA:0,(anonymous_5)
FNDA:2,(anonymous_6)
FNDA:2,(anonymous_7)
FNDA:0,(anonymous_8)
FNDA:10,(anonymous_9)
FNDA:9,(anonymous_10)
FNDA:1,(anonymous_11)
FNDA:3,(anonymous_12)
FNDA:3,(anonymous_13)
FNDA:0,(anonymous_14)
FNDA:1,(anonymous_15)
FNDA:1,(anonymous_16)
FNDA:0,(anonymous_17)
FNDA:2,(anonymous_18)
FNDA:2,(anonymous_19)
FNDA:0,(anonymous_20)
FNDA:2,(anonymous_21)
FNDA:2,(anonymous_22)
FNDA:0,(anonymous_23)
FNDA:7,(anonymous_24)
DA:1,5
DA:2,5
DA:5,5
DA:6,117
DA:8,117
DA:9,1
DA:12,1
DA:17,116
DA:35,116
DA:37,115
DA:40,1
DA:46,0
DA:51,5
DA:57,2
DA:59,2
DA:60,0
DA:65,2
DA:69,0
DA:77,5
DA:78,2
DA:81,2
DA:83,2
DA:84,1
DA:88,1
DA:92,0
DA:99,5
DA:100,10
DA:101,10
DA:102,10
DA:105,10
DA:107,9
DA:108,8
DA:112,1
DA:118,1
DA:125,5
DA:126,3
DA:129,3
DA:131,3
DA:132,1
DA:136,2
DA:142,0
DA:149,5
DA:151,1
DA:153,1
DA:156,0
DA:164,5
DA:166,2
DA:170,2
DA:172,2
DA:173,1
DA:178,1
DA:182,0
DA:189,5
DA:190,2
DA:192,2
DA:194,2
DA:195,0
DA:200,2
DA:204,0
DA:212,5
DA:213,7
DA:214,7
DA:215,7
DA:217,7
DA:218,7
DA:219,0
DA:221,7
DA:222,0
DA:224,7
DA:225,7
DA:227,0
LF:71
LH:59
BRDA:8,0,0,1
BRDA:8,0,1,116
BRDA:8,1,0,117
BRDA:8,1,1,117
BRDA:8,1,2,117
BRDA:21,2,0,111
BRDA:21,2,1,5
BRDA:22,3,0,0
BRDA:22,3,1,116
BRDA:23,4,0,0
BRDA:23,4,1,116
BRDA:24,5,0,0
BRDA:24,5,1,116
BRDA:25,6,0,0
BRDA:25,6,1,116
BRDA:26,7,0,0
BRDA:26,7,1,116
BRDA:27,8,0,0
BRDA:27,8,1,116
BRDA:28,9,0,0
BRDA:28,9,1,116
BRDA:29,10,0,0
BRDA:29,10,1,116
BRDA:30,11,0,0
BRDA:30,11,1,116
BRDA:31,12,0,0
BRDA:31,12,1,116
BRDA:42,13,0,1
BRDA:42,13,1,0
BRDA:59,14,0,0
BRDA:59,14,1,2
BRDA:71,15,0,0
BRDA:71,15,1,0
BRDA:83,16,0,1
BRDA:83,16,1,1
BRDA:107,17,0,8
BRDA:107,17,1,1
BRDA:131,18,0,1
BRDA:131,18,1,2
BRDA:158,19,0,0
BRDA:158,19,1,0
BRDA:172,20,0,1
BRDA:172,20,1,1
BRDA:184,21,0,0
BRDA:184,21,1,0
BRDA:194,22,0,0
BRDA:194,22,1,2
BRDA:206,23,0,0
BRDA:206,23,1,0
BRDA:218,24,0,0
BRDA:218,24,1,7
BRDA:221,25,0,0
BRDA:221,25,1,7
BRF:53
BRH:30
end_of_record
TN:
SF:db/models/campaign.model.js
FN:1,(anonymous_0)
FNF:1
FNH:1
FNDA:5,(anonymous_0)
DA:1,5
DA:2,5
DA:30,5
LF:3
LH:3
BRF:0
BRH:0
end_of_record
TN:
SF:db/models/commercialChampion.model.js
FN:1,(anonymous_0)
FNF:1
FNH:1
FNDA:5,(anonymous_0)
DA:1,5
DA:3,5
DA:27,5
LF:3
LH:3
BRF:0
BRH:0
end_of_record
TN:
SF:db/models/index.js
FNF:0
FNH:0
DA:3,5
DA:4,0
DA:5,5
DA:6,5
DA:10,5
DA:12,5
DA:30,5
DA:31,5
DA:34,5
DA:36,5
DA:38,5
DA:39,5
DA:41,5
DA:42,5
DA:43,5
DA:44,5
DA:45,5
DA:46,5
DA:47,5
DA:50,5
DA:51,5
DA:52,5
DA:54,5
DA:55,5
DA:56,5
DA:58,5
LF:26
LH:25
BRDA:3,0,0,0
BRDA:3,0,1,5
BRDA:5,1,0,5
BRDA:5,1,1,0
BRDA:5,2,0,5
BRDA:5,2,1,5
BRDA:30,3,0,5
BRDA:30,3,1,0
BRF:8
BRH:5
end_of_record
TN:
SF:db/models/industries.model.js
FN:1,(anonymous_0)
FNF:1
FNH:1
FNDA:5,(anonymous_0)
DA:1,5
DA:2,5
DA:13,5
LF:3
LH:3
BRF:0
BRH:0
end_of_record
TN:
SF:db/models/junctionTable.model.js
FN:1,(anonymous_0)
FNF:1
FNH:1
FNDA:5,(anonymous_0)
DA:1,5
DA:2,5
DA:20,5
LF:3
LH:3
BRF:0
BRH:0
end_of_record
TN:
SF:db/models/milestonePart.model.js
FN:1,(anonymous_0)
FNF:1
FNH:1
FNDA:5,(anonymous_0)
DA:1,5
DA:2,5
DA:27,5
LF:3
LH:3
BRF:0
BRH:0
end_of_record
TN:
SF:db/models/retailInvestors.model.js
FN:1,(anonymous_0)
FNF:1
FNH:1
FNDA:5,(anonymous_0)
DA:1,5
DA:2,5
DA:32,5
LF:3
LH:3
BRF:0
BRH:0
end_of_record
TN:
SF:db/models/startup.model.js
FN:1,(anonymous_0)
FNF:1
FNH:1
FNDA:5,(anonymous_0)
DA:1,5
DA:2,5
DA:54,5
LF:3
LH:3
BRF:0
BRH:0
end_of_record
TN:
SF:db/routes/campaign.routes.js
FNF:0
FNH:0
DA:1,5
DA:2,5
DA:7,5
DA:10,5
DA:13,5
DA:16,5
DA:19,5
DA:22,5
DA:29,5
DA:32,5
LF:10
LH:10
BRF:0
BRH:0
end_of_record
TN:
SF:db/routes/general.routes.js
FNF:0
FNH:0
DA:1,5
DA:2,5
DA:4,5
DA:6,5
LF:4
LH:4
BRF:0
BRH:0
end_of_record
TN:
SF:db/routes/junctionTable.routes.js
FNF:0
FNH:0
DA:1,5
DA:2,5
DA:5,5
DA:8,5
DA:11,5
DA:14,5
DA:17,5
DA:24,5
DA:28,5
DA:33,5
DA:35,5
LF:11
LH:11
BRF:0
BRH:0
end_of_record
TN:
SF:db/routes/retailInvestors.routes.js
FNF:0
FNH:0
DA:1,5
DA:2,5
DA:3,5
DA:4,5
DA:5,5
DA:6,5
DA:8,5
DA:11,5
DA:18,5
DA:21,5
DA:24,5
DA:27,5
DA:30,5
DA:33,5
DA:37,5
DA:40,5
DA:43,5
DA:46,5
LF:18
LH:18
BRF:0
BRH:0
end_of_record
TN:
SF:db/routes/startup.routes.js
FNF:0
FNH:0
DA:1,5
DA:2,5
DA:3,5
DA:4,5
DA:5,5
DA:6,5
DA:7,5
DA:8,5
DA:9,5
DA:10,5
DA:14,5
DA:22,5
DA:25,5
DA:29,5
DA:35,5
DA:39,5
DA:42,5
DA:46,5
DA:49,5
DA:53,5
DA:56,5
DA:60,5
DA:63,5
DA:67,5
DA:70,5
DA:74,5
DA:77,5
DA:81,5
DA:84,5
DA:88,5
DA:93,5
DA:98,5
DA:102,5
DA:105,5
DA:108,5
DA:111,5
DA:114,5
DA:117,5
DA:120,5
DA:125,5
DA:128,5
DA:134,5
DA:137,5
DA:139,5
LF:44
LH:44
BRF:0
BRH:0
end_of_record
TN:
SF:db/services/campaign.service.js
FN:6,(anonymous_0)
FN:9,(anonymous_1)
FN:12,(anonymous_2)
FN:21,(anonymous_3)
FN:26,(anonymous_4)
FN:29,(anonymous_5)
FN:37,(anonymous_6)
FN:40,(anonymous_7)
FN:43,(anonymous_8)
FN:51,(anonymous_9)
FN:56,(anonymous_10)
FN:59,(anonymous_11)
FN:67,(anonymous_12)
FN:70,(anonymous_13)
FN:73,(anonymous_14)
FN:81,(anonymous_15)
FN:87,(anonymous_16)
FN:90,(anonymous_17)
FN:98,(anonymous_18)
FN:103,(anonymous_19)
FN:106,(anonymous_20)
FNF:21
FNH:14
FNDA:4,(anonymous_0)
FNDA:4,(anonymous_1)
FNDA:0,(anonymous_2)
FNDA:1,(anonymous_3)
FNDA:1,(anonymous_4)
FNDA:0,(anonymous_5)
FNDA:2,(anonymous_6)
FNDA:2,(anonymous_7)
FNDA:0,(anonymous_8)
FNDA:4,(anonymous_9)
FNDA:4,(anonymous_10)
FNDA:0,(anonymous_11)
FNDA:3,(anonymous_12)
FNDA:3,(anonymous_13)
FNDA:0,(anonymous_14)
FNDA:1,(anonymous_15)
FNDA:1,(anonymous_16)
FNDA:0,(anonymous_17)
FNDA:5,(anonymous_18)
FNDA:5,(anonymous_19)
FNDA:0,(anonymous_20)
DA:1,5
DA:2,5
DA:3,5
DA:5,5
DA:7,4
DA:8,4
DA:10,4
DA:13,0
DA:15,4
DA:18,0
DA:22,1
DA:23,1
DA:25,1
DA:27,1
DA:30,0
DA:32,1
DA:34,0
DA:38,2
DA:39,2
DA:41,2
DA:44,0
DA:46,2
DA:48,0
DA:52,4
DA:53,4
DA:57,4
DA:60,0
DA:62,4
DA:64,0
DA:68,3
DA:69,3
DA:71,3
DA:74,0
DA:76,3
DA:78,0
DA:82,1
DA:83,1
DA:88,1
DA:91,0
DA:93,1
DA:95,0
DA:99,5
DA:100,5
DA:102,5
DA:104,5
DA:107,0
DA:109,5
DA:111,0
LF:48
LH:34
BRDA:23,0,0,0
BRDA:23,0,1,1
BRDA:100,1,0,5
BRDA:100,1,1,0
BRF:4
BRH:2
end_of_record
TN:
SF:db/services/commercialChampion.service.js
FN:6,(anonymous_0)
FN:9,(anonymous_1)
FN:12,(anonymous_2)
FN:21,(anonymous_3)
FN:26,(anonymous_4)
FN:29,(anonymous_5)
FN:37,(anonymous_6)
FN:40,(anonymous_7)
FN:43,(anonymous_8)
FN:51,(anonymous_9)
FN:56,(anonymous_10)
FN:59,(anonymous_11)
FN:67,(anonymous_12)
FN:70,(anonymous_13)
FN:73,(anonymous_14)
FN:81,(anonymous_15)
FN:87,(anonymous_16)
FN:90,(anonymous_17)
FN:98,(anonymous_18)
FN:102,(anonymous_19)
FN:105,(anonymous_20)
FN:113,(anonymous_21)
FN:117,(anonymous_22)
FN:120,(anonymous_23)
FNF:24
FNH:4
FNDA:1,(anonymous_0)
FNDA:1,(anonymous_1)
FNDA:0,(anonymous_2)
FNDA:0,(anonymous_3)
FNDA:0,(anonymous_4)
FNDA:0,(anonymous_5)
FNDA:0,(anonymous_6)
FNDA:0,(anonymous_7)
FNDA:0,(anonymous_8)
FNDA:0,(anonymous_9)
FNDA:0,(anonymous_10)
FNDA:0,(anonymous_11)
FNDA:0,(anonymous_12)
FNDA:0,(anonymous_13)
FNDA:0,(anonymous_14)
FNDA:0,(anonymous_15)
FNDA:0,(anonymous_16)
FNDA:0,(anonymous_17)
FNDA:0,(anonymous_18)
FNDA:0,(anonymous_19)
FNDA:0,(anonymous_20)
FNDA:1,(anonymous_21)
FNDA:1,(anonymous_22)
FNDA:0,(anonymous_23)
DA:1,5
DA:2,5
DA:3,5
DA:5,5
DA:7,1
DA:8,1
DA:10,1
DA:13,0
DA:15,1
DA:18,0
DA:22,0
DA:23,0
DA:25,0
DA:27,0
DA:30,0
DA:32,0
DA:34,0
DA:38,0
DA:39,0
DA:41,0
DA:44,0
DA:46,0
DA:48,0
DA:52,0
DA:53,0
DA:57,0
DA:60,0
DA:62,0
DA:64,0
DA:68,0
DA:69,0
DA:71,0
DA:74,0
DA:76,0
DA:78,0
DA:82,0
DA:83,0
DA:88,0
DA:91,0
DA:93,0
DA:95,0
DA:99,0
DA:100,0
DA:101,0
DA:103,0
DA:106,0
DA:108,0
DA:110,0
DA:114,1
DA:115,1
DA:116,1
DA:118,1
DA:121,0
DA:123,1
DA:125,0
LF:55
LH:13
BRDA:23,0,0,0
BRDA:23,0,1,0
BRDA:100,1,0,0
BRDA:100,1,1,0
BRDA:115,2,0,1
BRDA:115,2,1,0
BRF:6
BRH:1
end_of_record
TN:
SF:db/services/general.service.js
FN:2,(anonymous_0)
FNF:1
FNH:0
FNDA:0,(anonymous_0)
DA:1,5
DA:3,0
DA:9,0
DA:14,0
DA:16,0
LF:5
LH:1
BRF:0
BRH:0
end_of_record
TN:
SF:db/services/industry.service.js
FN:6,(anonymous_0)
FN:22,(anonymous_1)
FN:26,(anonymous_2)
FNF:3
FNH:2
FNDA:109,(anonymous_0)
FNDA:109,(anonymous_1)
FNDA:0,(anonymous_2)
DA:1,5
DA:2,5
DA:3,5
DA:5,5
DA:7,109
DA:8,109
DA:9,109
DA:10,167
DA:11,167
DA:12,167
DA:13,162
DA:15,5
DA:16,5
DA:18,167
DA:21,109
DA:24,109
DA:27,0
DA:28,0
DA:31,0
LF:19
LH:16
BRDA:12,0,0,162
BRDA:12,0,1,5
BRDA:15,1,0,5
BRDA:15,1,1,0
BRF:4
BRH:3
end_of_record
TN:
SF:db/services/junctionTable.service.js
FN:6,(anonymous_0)
FN:9,(anonymous_1)
FN:12,(anonymous_2)
FN:21,(anonymous_3)
FN:26,(anonymous_4)
FN:29,(anonymous_5)
FN:37,(anonymous_6)
FN:40,(anonymous_7)
FN:43,(anonymous_8)
FN:51,(anonymous_9)
FN:56,(anonymous_10)
FN:59,(anonymous_11)
FN:67,(anonymous_12)
FN:70,(anonymous_13)
FN:73,(anonymous_14)
FN:81,(anonymous_15)
FN:87,(anonymous_16)
FN:90,(anonymous_17)
FN:98,(anonymous_18)
FN:102,(anonymous_19)
FN:105,(anonymous_20)
FN:113,(anonymous_21)
FN:117,(anonymous_22)
FN:120,(anonymous_23)
FNF:24
FNH:14
FNDA:1,(anonymous_0)
FNDA:1,(anonymous_1)
FNDA:0,(anonymous_2)
FNDA:1,(anonymous_3)
FNDA:1,(anonymous_4)
FNDA:0,(anonymous_5)
FNDA:1,(anonymous_6)
FNDA:1,(anonymous_7)
FNDA:0,(anonymous_8)
FNDA:1,(anonymous_9)
FNDA:1,(anonymous_10)
FNDA:0,(anonymous_11)
FNDA:3,(anonymous_12)
FNDA:3,(anonymous_13)
FNDA:0,(anonymous_14)
FNDA:1,(anonymous_15)
FNDA:1,(anonymous_16)
FNDA:0,(anonymous_17)
FNDA:0,(anonymous_18)
FNDA:0,(anonymous_19)
FNDA:0,(anonymous_20)
FNDA:1,(anonymous_21)
FNDA:0,(anonymous_22)
FNDA:1,(anonymous_23)
DA:1,5
DA:2,5
DA:3,5
DA:5,5
DA:7,1
DA:8,1
DA:10,1
DA:13,0
DA:15,1
DA:18,0
DA:22,1
DA:23,1
DA:25,1
DA:27,1
DA:30,0
DA:32,1
DA:34,0
DA:38,1
DA:39,1
DA:41,1
DA:44,0
DA:46,1
DA:48,0
DA:52,1
DA:53,1
DA:57,1
DA:60,0
DA:62,1
DA:64,0
DA:68,3
DA:69,3
DA:71,3
DA:74,0
DA:76,3
DA:78,0
DA:82,1
DA:83,1
DA:88,1
DA:91,0
DA:93,1
DA:95,0
DA:99,0
DA:100,0
DA:101,0
DA:103,0
DA:106,0
DA:108,0
DA:110,0
DA:114,1
DA:115,1
DA:116,1
DA:118,0
DA:121,1
DA:123,1
DA:125,0
LF:55
LH:34
BRDA:23,0,0,0
BRDA:23,0,1,1
BRDA:100,1,0,0
BRDA:100,1,1,0
BRDA:115,2,0,1
BRDA:115,2,1,0
BRF:6
BRH:2
end_of_record
TN:
SF:db/services/milestonePart.service.js
FN:6,(anonymous_0)
FN:16,(anonymous_1)
FN:20,(anonymous_2)
FN:25,(anonymous_3)
FN:27,(anonymous_4)
FN:30,(anonymous_5)
FN:36,(anonymous_6)
FN:45,(anonymous_7)
FN:49,(anonymous_8)
FN:59,(anonymous_9)
FN:67,(anonymous_10)
FN:72,(anonymous_11)
FNF:12
FNH:6
FNDA:2,(anonymous_0)
FNDA:2,(anonymous_1)
FNDA:0,(anonymous_2)
FNDA:0,(anonymous_3)
FNDA:0,(anonymous_4)
FNDA:0,(anonymous_5)
FNDA:1,(anonymous_6)
FNDA:1,(anonymous_7)
FNDA:0,(anonymous_8)
FNDA:1,(anonymous_9)
FNDA:1,(anonymous_10)
FNDA:0,(anonymous_11)
DA:1,5
DA:2,5
DA:3,5
DA:5,5
DA:8,2
DA:17,2
DA:18,2
DA:21,0
DA:26,0
DA:28,0
DA:31,0
DA:37,1
DA:38,1
DA:39,1
DA:40,1
DA:44,1
DA:46,1
DA:47,1
DA:51,0
DA:53,1
DA:55,0
DA:56,0
DA:60,1
DA:61,1
DA:63,1
DA:66,1
DA:68,1
DA:69,1
DA:70,1
DA:73,0
DA:75,1
DA:77,0
DA:78,0
DA:79,0
LF:34
LH:23
BRDA:38,0,0,1
BRDA:38,0,1,0
BRDA:39,1,0,1
BRDA:39,1,1,0
BRDA:61,2,0,1
BRDA:61,2,1,0
BRF:6
BRH:3
end_of_record
TN:
SF:db/services/retailInvestor.service.js
FN:6,(anonymous_0)
FN:9,(anonymous_1)
FN:12,(anonymous_2)
FN:20,(anonymous_3)
FN:24,(anonymous_4)
FN:27,(anonymous_5)
FN:35,(anonymous_6)
FN:38,(anonymous_7)
FN:41,(anonymous_8)
FN:49,(anonymous_9)
FN:54,(anonymous_10)
FN:57,(anonymous_11)
FN:65,(anonymous_12)
FN:70,(anonymous_13)
FN:73,(anonymous_14)
FN:81,(anonymous_15)
FN:87,(anonymous_16)
FN:90,(anonymous_17)
FN:98,(anonymous_18)
FN:102,(anonymous_19)
FN:105,(anonymous_20)
FNF:21
FNH:16
FNDA:6,(anonymous_0)
FNDA:5,(anonymous_1)
FNDA:1,(anonymous_2)
FNDA:1,(anonymous_3)
FNDA:1,(anonymous_4)
FNDA:0,(anonymous_5)
FNDA:2,(anonymous_6)
FNDA:2,(anonymous_7)
FNDA:0,(anonymous_8)
FNDA:3,(anonymous_9)
FNDA:2,(anonymous_10)
FNDA:1,(anonymous_11)
FNDA:3,(anonymous_12)
FNDA:3,(anonymous_13)
FNDA:0,(anonymous_14)
FNDA:1,(anonymous_15)
FNDA:1,(anonymous_16)
FNDA:0,(anonymous_17)
FNDA:2,(anonymous_18)
FNDA:2,(anonymous_19)
FNDA:0,(anonymous_20)
DA:1,5
DA:2,5
DA:3,5
DA:5,5
DA:7,6
DA:8,6
DA:10,5
DA:13,1
DA:15,6
DA:17,0
DA:21,1
DA:22,1
DA:23,1
DA:25,1
DA:28,0
DA:30,1
DA:32,0
DA:36,2
DA:37,2
DA:39,2
DA:42,0
DA:44,2
DA:46,0
DA:50,3
DA:51,3
DA:55,2
DA:58,1
DA:60,3
DA:62,0
DA:66,3
DA:67,3
DA:71,3
DA:74,0
DA:76,3
DA:78,0
DA:82,1
DA:83,1
DA:88,1
DA:91,0
DA:93,1
DA:95,0
DA:99,2
DA:100,2
DA:101,2
DA:103,2
DA:106,0
DA:108,2
DA:110,0
LF:48
LH:36
BRDA:22,0,0,0
BRDA:22,0,1,1
BRDA:100,1,0,0
BRDA:100,1,1,2
BRF:4
BRH:2
end_of_record
TN:
SF:db/services/startup.service.js
FN:6,(anonymous_0)
FN:9,(anonymous_1)
FN:12,(anonymous_2)
FN:21,(anonymous_3)
FN:26,(anonymous_4)
FN:29,(anonymous_5)
FN:37,(anonymous_6)
FN:40,(anonymous_7)
FN:43,(anonymous_8)
FN:51,(anonymous_9)
FN:57,(anonymous_10)
FN:60,(anonymous_11)
FN:68,(anonymous_12)
FN:71,(anonymous_13)
FN:74,(anonymous_14)
FN:82,(anonymous_15)
FN:88,(anonymous_16)
FN:91,(anonymous_17)
FN:99,(anonymous_18)
FN:104,(anonymous_19)
FN:107,(anonymous_20)
FN:115,(anonymous_21)
FN:120,(anonymous_22)
FN:123,(anonymous_23)
FNF:24
FNH:18
FNDA:116,(anonymous_0)
FNDA:115,(anonymous_1)
FNDA:1,(anonymous_2)
FNDA:3,(anonymous_3)
FNDA:3,(anonymous_4)
FNDA:0,(anonymous_5)
FNDA:9,(anonymous_6)
FNDA:9,(anonymous_7)
FNDA:0,(anonymous_8)
FNDA:10,(anonymous_9)
FNDA:9,(anonymous_10)
FNDA:1,(anonymous_11)
FNDA:3,(anonymous_12)
FNDA:3,(anonymous_13)
FNDA:0,(anonymous_14)
FNDA:1,(anonymous_15)
FNDA:1,(anonymous_16)
FNDA:0,(anonymous_17)
FNDA:2,(anonymous_18)
FNDA:2,(anonymous_19)
FNDA:0,(anonymous_20)
FNDA:2,(anonymous_21)
FNDA:2,(anonymous_22)
FNDA:0,(anonymous_23)
DA:1,5
DA:2,5
DA:3,5
DA:5,5
DA:7,116
DA:8,116
DA:10,115
DA:13,1
DA:15,116
DA:18,0
DA:22,3
DA:23,3
DA:25,3
DA:27,3
DA:30,0
DA:32,3
DA:34,0
DA:38,9
DA:39,9
DA:41,9
DA:44,0
DA:46,9
DA:48,0
DA:52,10
DA:53,10
DA:54,10
DA:58,9
DA:61,1
DA:63,10
DA:65,0
DA:69,3
DA:70,3
DA:72,3
DA:75,0
DA:77,3
DA:79,0
DA:83,1
DA:84,1
DA:89,1
DA:92,0
DA:94,1
DA:96,0
DA:100,2
DA:101,2
DA:103,2
DA:105,2
DA:108,0
DA:110,2
DA:112,0
DA:116,2
DA:117,2
DA:119,2
DA:121,2
DA:124,0
DA:126,2
DA:128,0
LF:56
LH:42
BRDA:23,0,0,0
BRDA:23,0,1,3
BRDA:101,1,0,2
BRDA:101,1,1,0
BRDA:117,2,0,0
BRDA:117,2,1,2
BRF:6
BRH:3
end_of_record
TN:
SF:routes/index.route.js
FN:4,(anonymous_0)
FNF:1
FNH:0
FNDA:0,(anonymous_0)
DA:1,5
DA:4,5
DA:5,0
DA:6,0
DA:9,5
LF:5
LH:3
BRF:0
BRH:0
end_of_record
